2021-11-10 21:40:04,289 - mmseg - INFO - Environment info:
------------------------------------------------------------
sys.platform: linux
Python: 3.8.3 (default, Oct 20 2021, 00:46:09) [GCC 9.3.0]
CUDA available: True
GPU 0,1,2,3,4,5,6,7: RTX A6000
CUDA_HOME: /usr/local/cuda
NVCC: Build cuda_11.0_bu.TC445_37.28845127_0
GCC: gcc (Ubuntu 9.3.0-17ubuntu1~20.04) 9.3.0
PyTorch: 1.9.1+cu111
PyTorch compiling details: PyTorch built with:
  - GCC 7.3
  - C++ Version: 201402
  - Intel(R) Math Kernel Library Version 2020.0.0 Product Build 20191122 for Intel(R) 64 architecture applications
  - Intel(R) MKL-DNN v2.1.2 (Git Hash 98be7e8afa711dc9b66c8ff3504129cb82013cdb)
  - OpenMP 201511 (a.k.a. OpenMP 4.5)
  - NNPACK is enabled
  - CPU capability usage: AVX2
  - CUDA Runtime 11.1
  - NVCC architecture flags: -gencode;arch=compute_37,code=sm_37;-gencode;arch=compute_50,code=sm_50;-gencode;arch=compute_60,code=sm_60;-gencode;arch=compute_70,code=sm_70;-gencode;arch=compute_75,code=sm_75;-gencode;arch=compute_80,code=sm_80;-gencode;arch=compute_86,code=sm_86
  - CuDNN 8.0.5
  - Magma 2.5.2
  - Build settings: BLAS_INFO=mkl, BUILD_TYPE=Release, CUDA_VERSION=11.1, CUDNN_VERSION=8.0.5, CXX_COMPILER=/opt/rh/devtoolset-7/root/usr/bin/c++, CXX_FLAGS= -Wno-deprecated -fvisibility-inlines-hidden -DUSE_PTHREADPOOL -fopenmp -DNDEBUG -DUSE_KINETO -DUSE_FBGEMM -DUSE_QNNPACK -DUSE_PYTORCH_QNNPACK -DUSE_XNNPACK -DSYMBOLICATE_MOBILE_DEBUG_HANDLE -O2 -fPIC -Wno-narrowing -Wall -Wextra -Werror=return-type -Wno-missing-field-initializers -Wno-type-limits -Wno-array-bounds -Wno-unknown-pragmas -Wno-sign-compare -Wno-unused-parameter -Wno-unused-variable -Wno-unused-function -Wno-unused-result -Wno-unused-local-typedefs -Wno-strict-overflow -Wno-strict-aliasing -Wno-error=deprecated-declarations -Wno-stringop-overflow -Wno-psabi -Wno-error=pedantic -Wno-error=redundant-decls -Wno-error=old-style-cast -fdiagnostics-color=always -faligned-new -Wno-unused-but-set-variable -Wno-maybe-uninitialized -fno-math-errno -fno-trapping-math -Werror=format -Wno-stringop-overflow, LAPACK_INFO=mkl, PERF_WITH_AVX=1, PERF_WITH_AVX2=1, PERF_WITH_AVX512=1, TORCH_VERSION=1.9.1, USE_CUDA=ON, USE_CUDNN=ON, USE_EXCEPTION_PTR=1, USE_GFLAGS=OFF, USE_GLOG=OFF, USE_MKL=ON, USE_MKLDNN=ON, USE_MPI=OFF, USE_NCCL=ON, USE_NNPACK=ON, USE_OPENMP=ON, 

TorchVision: 0.10.1+cu111
OpenCV: 4.5.3
MMCV: 1.3.15
MMCV Compiler: GCC 7.3
MMCV CUDA Compiler: 11.1
MMSegmentation: 0.17.0+c5bbbf6
------------------------------------------------------------

2021-11-10 21:40:04,290 - mmseg - INFO - Distributed training: True
2021-11-10 21:40:04,426 - mmseg - INFO - Config:
norm_cfg = dict(type='SyncBN', requires_grad=True)
model = dict(
    type='EncoderDecoderVISSLFCN',
    decode_head=dict(
        type='FCNHead',
        in_channels=128,
        in_index=0,
        channels=256,
        num_convs=1,
        kernel_size=1,
        concat_input=False,
        dropout_ratio=0.0,
        num_classes=27,
        norm_cfg=dict(type='SyncBN', requires_grad=True),
        align_corners=False,
        act_cfg=None,
        loss_decode=dict(
            type='CrossEntropyLoss', use_sigmoid=False, loss_weight=1.0)),
    train_cfg=dict(),
    test_cfg=dict(mode='whole'),
    vissl_params=dict(
        vissl_dir='/home/r_karlsson/workspace6/vissl',
        config_path='sc_exp27/dense_swav_8node_resnet_coco_exp27.yaml',
        checkpoint_path='sc_exp27/model_final_checkpoint_phase11.torch',
        output_type='trunk',
        default_config_path='vissl/config/defaults.yaml'))
dataset_type = 'COCOStuffCoarseDataset'
data_root = 'data/coco_stuff164k_coarse'
img_norm_cfg = dict(
    mean=[123.675, 116.28, 103.53], std=[58.395, 57.12, 57.375], to_rgb=True)
train_pipeline = [
    dict(type='LoadImageFromFile'),
    dict(type='LoadAnnotations'),
    dict(type='RandomFlip', prob=0.5),
    dict(
        type='Normalize',
        mean=[123.675, 116.28, 103.53],
        std=[58.395, 57.12, 57.375],
        to_rgb=True),
    dict(type='DefaultFormatBundle'),
    dict(type='Collect', keys=['img', 'gt_semantic_seg'])
]
test_pipeline = [
    dict(type='LoadImageFromFile'),
    dict(
        type='MultiScaleFlipAug',
        img_scale=(2048, 512),
        flip=False,
        transforms=[
            dict(type='Resize', keep_ratio=True),
            dict(type='RandomFlip'),
            dict(
                type='Normalize',
                mean=[123.675, 116.28, 103.53],
                std=[58.395, 57.12, 57.375],
                to_rgb=True),
            dict(type='ImageToTensor', keys=['img']),
            dict(type='Collect', keys=['img'])
        ])
]
data = dict(
    samples_per_gpu=16,
    workers_per_gpu=4,
    train=dict(
        type='COCOStuffCoarseDataset',
        data_root='data/coco_stuff164k_coarse',
        img_dir='images_coarse/train2017',
        ann_dir='annotations_coarse/train2017',
        pipeline=[
            dict(type='LoadImageFromFile'),
            dict(type='LoadAnnotations'),
            dict(type='RandomFlip', prob=0.5),
            dict(
                type='Normalize',
                mean=[123.675, 116.28, 103.53],
                std=[58.395, 57.12, 57.375],
                to_rgb=True),
            dict(type='DefaultFormatBundle'),
            dict(type='Collect', keys=['img', 'gt_semantic_seg'])
        ]),
    val=dict(
        type='COCOStuffCoarseDataset',
        data_root='data/coco_stuff164k_coarse',
        img_dir='images_coarse/val2017',
        ann_dir='annotations_coarse/val2017',
        pipeline=[
            dict(type='LoadImageFromFile'),
            dict(
                type='MultiScaleFlipAug',
                img_scale=(2048, 512),
                flip=False,
                transforms=[
                    dict(type='Resize', keep_ratio=True),
                    dict(type='RandomFlip'),
                    dict(
                        type='Normalize',
                        mean=[123.675, 116.28, 103.53],
                        std=[58.395, 57.12, 57.375],
                        to_rgb=True),
                    dict(type='ImageToTensor', keys=['img']),
                    dict(type='Collect', keys=['img'])
                ])
        ]),
    test=dict(
        type='COCOStuffCoarseDataset',
        data_root='data/coco_stuff164k_coarse',
        img_dir='images_coarse/val2017',
        ann_dir='annotations_coarse/val2017',
        pipeline=[
            dict(type='LoadImageFromFile'),
            dict(
                type='MultiScaleFlipAug',
                img_scale=(2048, 512),
                flip=False,
                transforms=[
                    dict(type='Resize', keep_ratio=True),
                    dict(type='RandomFlip'),
                    dict(
                        type='Normalize',
                        mean=[123.675, 116.28, 103.53],
                        std=[58.395, 57.12, 57.375],
                        to_rgb=True),
                    dict(type='ImageToTensor', keys=['img']),
                    dict(type='Collect', keys=['img'])
                ])
        ]))
log_config = dict(
    interval=50, hooks=[dict(type='TextLoggerHook', by_epoch=False)])
dist_params = dict(backend='nccl')
log_level = 'INFO'
load_from = None
resume_from = None
workflow = [('train', 1)]
cudnn_benchmark = True
optimizer = dict(type='SGD', lr=0.01, momentum=0.9, weight_decay=0.0005)
optimizer_config = dict()
lr_config = dict(policy='poly', power=0.9, min_lr=0.0001, by_epoch=False)
runner = dict(type='IterBasedRunner', max_iters=12000)
checkpoint_config = dict(by_epoch=False, interval=12000)
evaluation = dict(interval=3000, metric='mIoU', pre_eval=True)
work_dir = 'fcn_linear_coco-stuff164k_vissl_sc_exp27_ep12_max'
gpu_ids = range(0, 8)

2021-11-10 21:40:19,624 - mmseg - INFO - initialize FCNHead with init_cfg {'type': 'Normal', 'std': 0.01, 'override': {'name': 'conv_seg'}}
Name of parameter - Initialization information

decode_head.conv_seg.weight - torch.Size([27, 256, 1, 1]): 
NormalInit: mean=0, std=0.01, bias=0 

decode_head.conv_seg.bias - torch.Size([27]): 
NormalInit: mean=0, std=0.01, bias=0 

decode_head.convs.0.conv.weight - torch.Size([256, 128, 1, 1]): 
The value is the same before and after calling `init_weights` of EncoderDecoderVISSLFCN  

decode_head.convs.0.bn.weight - torch.Size([256]): 
The value is the same before and after calling `init_weights` of EncoderDecoderVISSLFCN  

decode_head.convs.0.bn.bias - torch.Size([256]): 
The value is the same before and after calling `init_weights` of EncoderDecoderVISSLFCN  
2021-11-10 21:40:19,625 - mmseg - INFO - EncoderDecoderVISSLFCN(
  (decode_head): FCNHead(
    input_transform=None, ignore_index=255, align_corners=False
    (loss_decode): CrossEntropyLoss()
    (conv_seg): Conv2d(256, 27, kernel_size=(1, 1), stride=(1, 1))
    (convs): Sequential(
      (0): ConvModule(
        (conv): Conv2d(128, 256, kernel_size=(1, 1), stride=(1, 1), bias=False)
        (bn): SyncBatchNorm(256, eps=1e-05, momentum=0.1, affine=True, track_running_stats=True)
      )
    )
  )
  init_cfg={'type': 'Normal', 'std': 0.01, 'override': {'name': 'conv_seg'}}
  (identity): Identity()
)
2021-11-10 21:40:37,208 - mmseg - INFO - Loaded 49629 images
2021-11-10 21:40:39,877 - mmseg - INFO - Loaded 2175 images
2021-11-10 21:40:39,878 - mmseg - INFO - Start running, host: r_karlsson@tuatara.sp.m.is.nagoya-u.ac.jp, work_dir: /work6/r_karlsson/mmsegmentation/fcn_linear_coco-stuff164k_vissl_sc_exp27_ep12_max
2021-11-10 21:40:39,878 - mmseg - INFO - Hooks will be executed in the following order:
before_run:
(VERY_HIGH   ) PolyLrUpdaterHook                  
(NORMAL      ) CheckpointHook                     
(LOW         ) DistEvalHook                       
(VERY_LOW    ) TextLoggerHook                     
 -------------------- 
before_train_epoch:
(VERY_HIGH   ) PolyLrUpdaterHook                  
(LOW         ) IterTimerHook                      
(LOW         ) DistEvalHook                       
(VERY_LOW    ) TextLoggerHook                     
 -------------------- 
before_train_iter:
(VERY_HIGH   ) PolyLrUpdaterHook                  
(LOW         ) IterTimerHook                      
(LOW         ) DistEvalHook                       
 -------------------- 
after_train_iter:
(ABOVE_NORMAL) OptimizerHook                      
(NORMAL      ) CheckpointHook                     
(LOW         ) IterTimerHook                      
(LOW         ) DistEvalHook                       
(VERY_LOW    ) TextLoggerHook                     
 -------------------- 
after_train_epoch:
(NORMAL      ) CheckpointHook                     
(LOW         ) DistEvalHook                       
(VERY_LOW    ) TextLoggerHook                     
 -------------------- 
before_val_epoch:
(LOW         ) IterTimerHook                      
(VERY_LOW    ) TextLoggerHook                     
 -------------------- 
before_val_iter:
(LOW         ) IterTimerHook                      
 -------------------- 
after_val_iter:
(LOW         ) IterTimerHook                      
 -------------------- 
after_val_epoch:
(VERY_LOW    ) TextLoggerHook                     
 -------------------- 
2021-11-10 21:40:39,878 - mmseg - INFO - workflow: [('train', 1)], max: 12000 iters
2021-11-10 21:42:30,980 - mmseg - INFO - Iter [50/12000]	lr: 9.964e-03, eta: 6:27:39, time: 1.946, data_time: 0.066, memory: 37980, decode.loss_seg: 1.5609, decode.acc_seg: 61.8357, loss: 1.5609
2021-11-10 21:43:50,809 - mmseg - INFO - Iter [100/12000]	lr: 9.926e-03, eta: 5:51:20, time: 1.597, data_time: 0.061, memory: 37980, decode.loss_seg: 1.0385, decode.acc_seg: 69.6541, loss: 1.0385
2021-11-10 21:44:49,290 - mmseg - INFO - Iter [150/12000]	lr: 9.889e-03, eta: 5:10:14, time: 1.170, data_time: 0.067, memory: 37980, decode.loss_seg: 0.9839, decode.acc_seg: 70.8430, loss: 0.9839
2021-11-10 21:45:41,671 - mmseg - INFO - Iter [200/12000]	lr: 9.852e-03, eta: 4:43:12, time: 1.048, data_time: 0.062, memory: 37980, decode.loss_seg: 0.9708, decode.acc_seg: 70.6718, loss: 0.9708
2021-11-10 21:46:24,749 - mmseg - INFO - Iter [250/12000]	lr: 9.815e-03, eta: 4:19:20, time: 0.862, data_time: 0.062, memory: 37980, decode.loss_seg: 0.9499, decode.acc_seg: 71.0152, loss: 0.9499
2021-11-10 21:47:09,925 - mmseg - INFO - Iter [300/12000]	lr: 9.778e-03, eta: 4:04:39, time: 0.906, data_time: 0.059, memory: 37980, decode.loss_seg: 0.9416, decode.acc_seg: 71.0903, loss: 0.9416
2021-11-10 21:48:04,614 - mmseg - INFO - Iter [350/12000]	lr: 9.740e-03, eta: 3:59:04, time: 1.091, data_time: 0.063, memory: 37980, decode.loss_seg: 0.9282, decode.acc_seg: 71.6149, loss: 0.9282
2021-11-10 21:48:53,614 - mmseg - INFO - Iter [400/12000]	lr: 9.703e-03, eta: 3:51:58, time: 0.980, data_time: 0.086, memory: 37980, decode.loss_seg: 0.9297, decode.acc_seg: 71.1257, loss: 0.9297
2021-11-10 21:49:33,033 - mmseg - INFO - Iter [450/12000]	lr: 9.666e-03, eta: 3:42:10, time: 0.788, data_time: 0.064, memory: 37980, decode.loss_seg: 0.9169, decode.acc_seg: 71.4320, loss: 0.9169
2021-11-10 21:50:40,762 - mmseg - INFO - Iter [500/12000]	lr: 9.629e-03, eta: 3:45:03, time: 1.355, data_time: 0.061, memory: 37980, decode.loss_seg: 0.9075, decode.acc_seg: 71.8318, loss: 0.9075
2021-11-10 21:51:27,865 - mmseg - INFO - Iter [550/12000]	lr: 9.591e-03, eta: 3:40:02, time: 0.942, data_time: 0.068, memory: 37980, decode.loss_seg: 0.8972, decode.acc_seg: 71.9736, loss: 0.8972
2021-11-10 21:52:17,208 - mmseg - INFO - Iter [600/12000]	lr: 9.554e-03, eta: 3:36:27, time: 0.987, data_time: 0.069, memory: 37980, decode.loss_seg: 0.9050, decode.acc_seg: 71.7496, loss: 0.9050
2021-11-10 21:53:05,779 - mmseg - INFO - Iter [650/12000]	lr: 9.517e-03, eta: 3:33:03, time: 0.971, data_time: 0.061, memory: 37980, decode.loss_seg: 0.8972, decode.acc_seg: 71.9112, loss: 0.8972
2021-11-10 21:53:40,591 - mmseg - INFO - Iter [700/12000]	lr: 9.479e-03, eta: 3:26:20, time: 0.696, data_time: 0.064, memory: 37980, decode.loss_seg: 0.9005, decode.acc_seg: 71.5488, loss: 0.9005
2021-11-10 21:54:15,370 - mmseg - INFO - Iter [750/12000]	lr: 9.442e-03, eta: 3:20:25, time: 0.696, data_time: 0.061, memory: 37980, decode.loss_seg: 0.8976, decode.acc_seg: 71.9833, loss: 0.8976
2021-11-10 21:54:49,281 - mmseg - INFO - Iter [800/12000]	lr: 9.405e-03, eta: 3:14:58, time: 0.678, data_time: 0.080, memory: 37980, decode.loss_seg: 0.8917, decode.acc_seg: 71.8534, loss: 0.8917
2021-11-10 21:55:31,698 - mmseg - INFO - Iter [850/12000]	lr: 9.367e-03, eta: 3:11:57, time: 0.848, data_time: 0.062, memory: 37980, decode.loss_seg: 0.8910, decode.acc_seg: 72.0408, loss: 0.8910
2021-11-10 21:56:15,175 - mmseg - INFO - Iter [900/12000]	lr: 9.330e-03, eta: 3:09:25, time: 0.870, data_time: 0.064, memory: 37980, decode.loss_seg: 0.8848, decode.acc_seg: 72.0510, loss: 0.8848
2021-11-10 21:57:09,843 - mmseg - INFO - Iter [950/12000]	lr: 9.292e-03, eta: 3:09:14, time: 1.093, data_time: 0.064, memory: 37980, decode.loss_seg: 0.8772, decode.acc_seg: 72.2374, loss: 0.8772
2021-11-10 21:57:48,737 - mmseg - INFO - Exp name: fcn_linear_coco-stuff164k_vissl_sc_exp27_ep12_max.py
2021-11-10 21:57:48,737 - mmseg - INFO - Iter [1000/12000]	lr: 9.255e-03, eta: 3:06:05, time: 0.778, data_time: 0.065, memory: 37980, decode.loss_seg: 0.8749, decode.acc_seg: 72.3440, loss: 0.8749
2021-11-10 21:58:31,240 - mmseg - INFO - Iter [1050/12000]	lr: 9.218e-03, eta: 3:03:48, time: 0.850, data_time: 0.064, memory: 37980, decode.loss_seg: 0.8795, decode.acc_seg: 72.1258, loss: 0.8795
2021-11-10 21:59:06,582 - mmseg - INFO - Iter [1100/12000]	lr: 9.180e-03, eta: 3:00:29, time: 0.707, data_time: 0.065, memory: 37980, decode.loss_seg: 0.8834, decode.acc_seg: 72.1085, loss: 0.8834
2021-11-10 21:59:46,662 - mmseg - INFO - Iter [1150/12000]	lr: 9.143e-03, eta: 2:58:09, time: 0.802, data_time: 0.065, memory: 37980, decode.loss_seg: 0.8708, decode.acc_seg: 72.1399, loss: 0.8708
2021-11-10 22:00:32,228 - mmseg - INFO - Iter [1200/12000]	lr: 9.105e-03, eta: 2:56:47, time: 0.911, data_time: 0.082, memory: 37980, decode.loss_seg: 0.8690, decode.acc_seg: 72.3989, loss: 0.8690
2021-11-10 22:01:08,775 - mmseg - INFO - Iter [1250/12000]	lr: 9.068e-03, eta: 2:54:09, time: 0.731, data_time: 0.067, memory: 37980, decode.loss_seg: 0.8749, decode.acc_seg: 72.2983, loss: 0.8749
2021-11-10 22:01:41,837 - mmseg - INFO - Iter [1300/12000]	lr: 9.030e-03, eta: 2:51:13, time: 0.661, data_time: 0.063, memory: 37980, decode.loss_seg: 0.8595, decode.acc_seg: 72.6034, loss: 0.8595
2021-11-10 22:02:25,691 - mmseg - INFO - Iter [1350/12000]	lr: 8.992e-03, eta: 2:49:52, time: 0.877, data_time: 0.061, memory: 37980, decode.loss_seg: 0.8761, decode.acc_seg: 72.0915, loss: 0.8761
2021-11-10 22:03:07,273 - mmseg - INFO - Iter [1400/12000]	lr: 8.955e-03, eta: 2:48:17, time: 0.832, data_time: 0.067, memory: 37980, decode.loss_seg: 0.8714, decode.acc_seg: 72.2273, loss: 0.8714
2021-11-10 22:03:48,408 - mmseg - INFO - Iter [1450/12000]	lr: 8.917e-03, eta: 2:46:42, time: 0.823, data_time: 0.063, memory: 37980, decode.loss_seg: 0.8667, decode.acc_seg: 72.2578, loss: 0.8667
2021-11-10 22:04:29,925 - mmseg - INFO - Iter [1500/12000]	lr: 8.880e-03, eta: 2:45:13, time: 0.830, data_time: 0.063, memory: 37980, decode.loss_seg: 0.8678, decode.acc_seg: 72.2705, loss: 0.8678
2021-11-10 22:05:06,088 - mmseg - INFO - Iter [1550/12000]	lr: 8.842e-03, eta: 2:43:12, time: 0.723, data_time: 0.082, memory: 37980, decode.loss_seg: 0.8574, decode.acc_seg: 72.6171, loss: 0.8574
2021-11-10 22:05:41,961 - mmseg - INFO - Iter [1600/12000]	lr: 8.804e-03, eta: 2:41:13, time: 0.717, data_time: 0.062, memory: 37980, decode.loss_seg: 0.8684, decode.acc_seg: 72.1881, loss: 0.8684
2021-11-10 22:06:15,901 - mmseg - INFO - Iter [1650/12000]	lr: 8.767e-03, eta: 2:39:08, time: 0.679, data_time: 0.071, memory: 37980, decode.loss_seg: 0.8579, decode.acc_seg: 72.6718, loss: 0.8579
2021-11-10 22:06:50,667 - mmseg - INFO - Iter [1700/12000]	lr: 8.729e-03, eta: 2:37:13, time: 0.695, data_time: 0.063, memory: 37980, decode.loss_seg: 0.8611, decode.acc_seg: 72.5447, loss: 0.8611
2021-11-10 22:07:34,863 - mmseg - INFO - Iter [1750/12000]	lr: 8.691e-03, eta: 2:36:18, time: 0.884, data_time: 0.066, memory: 37980, decode.loss_seg: 0.8586, decode.acc_seg: 72.5394, loss: 0.8586
2021-11-10 22:08:09,613 - mmseg - INFO - Iter [1800/12000]	lr: 8.654e-03, eta: 2:34:30, time: 0.695, data_time: 0.064, memory: 37980, decode.loss_seg: 0.8622, decode.acc_seg: 72.4369, loss: 0.8622
2021-11-10 22:08:47,002 - mmseg - INFO - Iter [1850/12000]	lr: 8.616e-03, eta: 2:33:00, time: 0.748, data_time: 0.062, memory: 37980, decode.loss_seg: 0.8582, decode.acc_seg: 72.3737, loss: 0.8582
2021-11-10 22:09:21,624 - mmseg - INFO - Iter [1900/12000]	lr: 8.578e-03, eta: 2:31:19, time: 0.692, data_time: 0.065, memory: 37980, decode.loss_seg: 0.8591, decode.acc_seg: 72.5497, loss: 0.8591
2021-11-10 22:10:00,442 - mmseg - INFO - Iter [1950/12000]	lr: 8.540e-03, eta: 2:30:02, time: 0.776, data_time: 0.084, memory: 37980, decode.loss_seg: 0.8583, decode.acc_seg: 72.6200, loss: 0.8583
2021-11-10 22:10:34,838 - mmseg - INFO - Exp name: fcn_linear_coco-stuff164k_vissl_sc_exp27_ep12_max.py
2021-11-10 22:10:34,838 - mmseg - INFO - Iter [2000/12000]	lr: 8.503e-03, eta: 2:28:25, time: 0.688, data_time: 0.063, memory: 37980, decode.loss_seg: 0.8681, decode.acc_seg: 72.1024, loss: 0.8681
2021-11-10 22:11:13,464 - mmseg - INFO - Iter [2050/12000]	lr: 8.465e-03, eta: 2:27:12, time: 0.773, data_time: 0.064, memory: 37980, decode.loss_seg: 0.8565, decode.acc_seg: 72.7180, loss: 0.8565
2021-11-10 22:11:47,573 - mmseg - INFO - Iter [2100/12000]	lr: 8.427e-03, eta: 2:25:39, time: 0.682, data_time: 0.067, memory: 37980, decode.loss_seg: 0.8560, decode.acc_seg: 72.6498, loss: 0.8560
2021-11-10 22:12:22,358 - mmseg - INFO - Iter [2150/12000]	lr: 8.389e-03, eta: 2:24:12, time: 0.696, data_time: 0.068, memory: 37980, decode.loss_seg: 0.8463, decode.acc_seg: 72.7541, loss: 0.8463
2021-11-10 22:12:57,629 - mmseg - INFO - Iter [2200/12000]	lr: 8.351e-03, eta: 2:22:50, time: 0.705, data_time: 0.072, memory: 37980, decode.loss_seg: 0.8482, decode.acc_seg: 72.8508, loss: 0.8482
2021-11-10 22:13:36,231 - mmseg - INFO - Iter [2250/12000]	lr: 8.313e-03, eta: 2:21:44, time: 0.772, data_time: 0.069, memory: 37980, decode.loss_seg: 0.8515, decode.acc_seg: 72.4816, loss: 0.8515
2021-11-10 22:14:11,991 - mmseg - INFO - Iter [2300/12000]	lr: 8.275e-03, eta: 2:20:27, time: 0.715, data_time: 0.069, memory: 37980, decode.loss_seg: 0.8599, decode.acc_seg: 72.4429, loss: 0.8599
2021-11-10 22:14:46,410 - mmseg - INFO - Iter [2350/12000]	lr: 8.237e-03, eta: 2:19:07, time: 0.688, data_time: 0.088, memory: 37980, decode.loss_seg: 0.8586, decode.acc_seg: 72.5258, loss: 0.8586
2021-11-10 22:15:21,971 - mmseg - INFO - Iter [2400/12000]	lr: 8.199e-03, eta: 2:17:53, time: 0.711, data_time: 0.065, memory: 37980, decode.loss_seg: 0.8529, decode.acc_seg: 72.5788, loss: 0.8529
2021-11-10 22:15:59,335 - mmseg - INFO - Iter [2450/12000]	lr: 8.162e-03, eta: 2:16:47, time: 0.747, data_time: 0.068, memory: 37980, decode.loss_seg: 0.8434, decode.acc_seg: 73.0096, loss: 0.8434
2021-11-10 22:16:33,544 - mmseg - INFO - Iter [2500/12000]	lr: 8.124e-03, eta: 2:15:31, time: 0.684, data_time: 0.068, memory: 37980, decode.loss_seg: 0.8545, decode.acc_seg: 72.6133, loss: 0.8545
2021-11-10 22:17:07,685 - mmseg - INFO - Iter [2550/12000]	lr: 8.085e-03, eta: 2:14:16, time: 0.683, data_time: 0.061, memory: 37980, decode.loss_seg: 0.8531, decode.acc_seg: 72.5792, loss: 0.8531
2021-11-10 22:17:43,998 - mmseg - INFO - Iter [2600/12000]	lr: 8.047e-03, eta: 2:13:11, time: 0.726, data_time: 0.069, memory: 37980, decode.loss_seg: 0.8472, decode.acc_seg: 72.7491, loss: 0.8472
2021-11-10 22:18:19,078 - mmseg - INFO - Iter [2650/12000]	lr: 8.009e-03, eta: 2:12:02, time: 0.702, data_time: 0.065, memory: 37980, decode.loss_seg: 0.8480, decode.acc_seg: 72.7017, loss: 0.8480
2021-11-10 22:18:55,565 - mmseg - INFO - Iter [2700/12000]	lr: 7.971e-03, eta: 2:10:59, time: 0.730, data_time: 0.065, memory: 37980, decode.loss_seg: 0.8585, decode.acc_seg: 72.4803, loss: 0.8585
2021-11-10 22:19:32,756 - mmseg - INFO - Iter [2750/12000]	lr: 7.933e-03, eta: 2:10:00, time: 0.744, data_time: 0.088, memory: 37980, decode.loss_seg: 0.8477, decode.acc_seg: 72.8305, loss: 0.8477
2021-11-10 22:20:12,668 - mmseg - INFO - Iter [2800/12000]	lr: 7.895e-03, eta: 2:09:10, time: 0.798, data_time: 0.067, memory: 37980, decode.loss_seg: 0.8404, decode.acc_seg: 72.9555, loss: 0.8404
2021-11-10 22:20:49,884 - mmseg - INFO - Iter [2850/12000]	lr: 7.857e-03, eta: 2:08:13, time: 0.744, data_time: 0.065, memory: 37980, decode.loss_seg: 0.8520, decode.acc_seg: 72.6307, loss: 0.8520
2021-11-10 22:21:27,117 - mmseg - INFO - Iter [2900/12000]	lr: 7.819e-03, eta: 2:07:15, time: 0.745, data_time: 0.065, memory: 37980, decode.loss_seg: 0.8522, decode.acc_seg: 72.5092, loss: 0.8522
2021-11-10 22:22:02,150 - mmseg - INFO - Iter [2950/12000]	lr: 7.781e-03, eta: 2:06:12, time: 0.701, data_time: 0.065, memory: 37980, decode.loss_seg: 0.8564, decode.acc_seg: 72.5545, loss: 0.8564
2021-11-10 22:22:37,312 - mmseg - INFO - Exp name: fcn_linear_coco-stuff164k_vissl_sc_exp27_ep12_max.py
2021-11-10 22:22:37,312 - mmseg - INFO - Iter [3000/12000]	lr: 7.742e-03, eta: 2:05:10, time: 0.703, data_time: 0.067, memory: 37980, decode.loss_seg: 0.8473, decode.acc_seg: 72.7662, loss: 0.8473
2021-11-10 22:24:33,967 - mmseg - INFO - per class results:
2021-11-10 22:24:33,969 - mmseg - INFO - 
+---------+-------+-------+
|  Class  |  IoU  |  Acc  |
+---------+-------+-------+
|  class1 |  0.0  |  0.0  |
|  class2 |  0.0  |  0.0  |
|  class3 |  1.19 |  1.19 |
|  class4 | 27.84 | 43.61 |
|  class5 | 20.02 | 25.88 |
|  class6 |  4.95 |  5.98 |
|  class7 |  0.3  |  0.3  |
|  class8 | 41.61 | 57.93 |
|  class9 |  2.78 |  3.13 |
| class10 | 36.95 | 53.01 |
| class11 |  0.04 |  0.04 |
| class12 | 35.25 | 54.56 |
| class13 | 37.57 | 50.38 |
| class14 | 26.14 |  38.4 |
| class15 | 49.65 | 77.05 |
| class16 | 24.47 | 36.51 |
| class17 |  6.21 |  7.15 |
| class18 |  7.79 | 10.83 |
| class19 | 35.63 | 57.11 |
| class20 |  4.39 |  4.65 |
| class21 |  48.6 | 68.76 |
| class22 | 59.85 | 75.38 |
| class23 | 62.56 | 84.53 |
| class24 |  75.2 | 86.55 |
| class25 | 22.54 | 26.35 |
| class26 | 31.95 | 43.51 |
| class27 | 64.13 | 74.06 |
+---------+-------+-------+
2021-11-10 22:24:33,969 - mmseg - INFO - Summary:
2021-11-10 22:24:33,970 - mmseg - INFO - 
+------+-------+-------+
| aAcc |  mIoU |  mAcc |
+------+-------+-------+
| 64.9 | 26.95 | 36.55 |
+------+-------+-------+
2021-11-10 22:24:33,975 - mmseg - INFO - Exp name: fcn_linear_coco-stuff164k_vissl_sc_exp27_ep12_max.py
2021-11-10 22:24:33,975 - mmseg - INFO - Iter(val) [272]	aAcc: 0.6490, mIoU: 0.2695, mAcc: 0.3655, IoU.class1: 0.0000, IoU.class2: 0.0000, IoU.class3: 0.0119, IoU.class4: 0.2784, IoU.class5: 0.2002, IoU.class6: 0.0495, IoU.class7: 0.0030, IoU.class8: 0.4161, IoU.class9: 0.0278, IoU.class10: 0.3695, IoU.class11: 0.0004, IoU.class12: 0.3525, IoU.class13: 0.3757, IoU.class14: 0.2614, IoU.class15: 0.4965, IoU.class16: 0.2447, IoU.class17: 0.0621, IoU.class18: 0.0779, IoU.class19: 0.3563, IoU.class20: 0.0439, IoU.class21: 0.4860, IoU.class22: 0.5985, IoU.class23: 0.6256, IoU.class24: 0.7520, IoU.class25: 0.2254, IoU.class26: 0.3195, IoU.class27: 0.6413, Acc.class1: 0.0000, Acc.class2: 0.0000, Acc.class3: 0.0119, Acc.class4: 0.4361, Acc.class5: 0.2588, Acc.class6: 0.0598, Acc.class7: 0.0030, Acc.class8: 0.5793, Acc.class9: 0.0313, Acc.class10: 0.5301, Acc.class11: 0.0004, Acc.class12: 0.5456, Acc.class13: 0.5038, Acc.class14: 0.3840, Acc.class15: 0.7705, Acc.class16: 0.3651, Acc.class17: 0.0715, Acc.class18: 0.1083, Acc.class19: 0.5711, Acc.class20: 0.0465, Acc.class21: 0.6876, Acc.class22: 0.7538, Acc.class23: 0.8453, Acc.class24: 0.8655, Acc.class25: 0.2635, Acc.class26: 0.4351, Acc.class27: 0.7406
2021-11-10 22:25:07,989 - mmseg - INFO - Iter [3050/12000]	lr: 7.704e-03, eta: 2:09:48, time: 3.013, data_time: 2.395, memory: 37980, decode.loss_seg: 0.8415, decode.acc_seg: 72.8720, loss: 0.8415
2021-11-10 22:25:46,621 - mmseg - INFO - Iter [3100/12000]	lr: 7.666e-03, eta: 2:08:51, time: 0.773, data_time: 0.078, memory: 37980, decode.loss_seg: 0.8495, decode.acc_seg: 72.7357, loss: 0.8495
2021-11-10 22:26:27,335 - mmseg - INFO - Iter [3150/12000]	lr: 7.628e-03, eta: 2:08:00, time: 0.814, data_time: 0.060, memory: 37980, decode.loss_seg: 0.8380, decode.acc_seg: 72.9373, loss: 0.8380
2021-11-10 22:27:04,346 - mmseg - INFO - Iter [3200/12000]	lr: 7.589e-03, eta: 2:06:59, time: 0.740, data_time: 0.065, memory: 37980, decode.loss_seg: 0.8514, decode.acc_seg: 72.7094, loss: 0.8514
2021-11-10 22:27:38,174 - mmseg - INFO - Iter [3250/12000]	lr: 7.551e-03, eta: 2:05:50, time: 0.677, data_time: 0.068, memory: 37980, decode.loss_seg: 0.8488, decode.acc_seg: 72.7891, loss: 0.8488
2021-11-10 22:28:13,677 - mmseg - INFO - Iter [3300/12000]	lr: 7.513e-03, eta: 2:04:47, time: 0.710, data_time: 0.065, memory: 37980, decode.loss_seg: 0.8374, decode.acc_seg: 72.9564, loss: 0.8374
2021-11-10 22:28:48,037 - mmseg - INFO - Iter [3350/12000]	lr: 7.474e-03, eta: 2:03:41, time: 0.687, data_time: 0.065, memory: 37980, decode.loss_seg: 0.8511, decode.acc_seg: 72.6850, loss: 0.8511
2021-11-10 22:29:26,277 - mmseg - INFO - Iter [3400/12000]	lr: 7.436e-03, eta: 2:02:47, time: 0.765, data_time: 0.065, memory: 37980, decode.loss_seg: 0.8476, decode.acc_seg: 72.6114, loss: 0.8476
2021-11-10 22:30:02,699 - mmseg - INFO - Iter [3450/12000]	lr: 7.398e-03, eta: 2:01:48, time: 0.728, data_time: 0.068, memory: 37980, decode.loss_seg: 0.8457, decode.acc_seg: 72.6679, loss: 0.8457
2021-11-10 22:30:36,602 - mmseg - INFO - Iter [3500/12000]	lr: 7.359e-03, eta: 2:00:44, time: 0.678, data_time: 0.085, memory: 37980, decode.loss_seg: 0.8483, decode.acc_seg: 72.6094, loss: 0.8483
2021-11-10 22:31:11,185 - mmseg - INFO - Iter [3550/12000]	lr: 7.321e-03, eta: 1:59:42, time: 0.692, data_time: 0.071, memory: 37980, decode.loss_seg: 0.8405, decode.acc_seg: 72.8920, loss: 0.8405
2021-11-10 22:31:48,347 - mmseg - INFO - Iter [3600/12000]	lr: 7.282e-03, eta: 1:58:47, time: 0.743, data_time: 0.072, memory: 37980, decode.loss_seg: 0.8363, decode.acc_seg: 72.9438, loss: 0.8363
2021-11-10 22:32:22,871 - mmseg - INFO - Iter [3650/12000]	lr: 7.244e-03, eta: 1:57:47, time: 0.691, data_time: 0.067, memory: 37980, decode.loss_seg: 0.8369, decode.acc_seg: 73.0196, loss: 0.8369
2021-11-10 22:32:59,707 - mmseg - INFO - Iter [3700/12000]	lr: 7.205e-03, eta: 1:56:52, time: 0.737, data_time: 0.065, memory: 37980, decode.loss_seg: 0.8438, decode.acc_seg: 72.7964, loss: 0.8438
2021-11-10 22:33:35,323 - mmseg - INFO - Iter [3750/12000]	lr: 7.167e-03, eta: 1:55:55, time: 0.712, data_time: 0.068, memory: 37980, decode.loss_seg: 0.8574, decode.acc_seg: 72.3866, loss: 0.8574
2021-11-10 22:34:13,540 - mmseg - INFO - Iter [3800/12000]	lr: 7.128e-03, eta: 1:55:04, time: 0.764, data_time: 0.063, memory: 37980, decode.loss_seg: 0.8461, decode.acc_seg: 72.8794, loss: 0.8461
2021-11-10 22:34:50,564 - mmseg - INFO - Iter [3850/12000]	lr: 7.090e-03, eta: 1:54:12, time: 0.740, data_time: 0.065, memory: 37980, decode.loss_seg: 0.8394, decode.acc_seg: 72.9243, loss: 0.8394
2021-11-10 22:35:25,915 - mmseg - INFO - Iter [3900/12000]	lr: 7.051e-03, eta: 1:53:16, time: 0.707, data_time: 0.081, memory: 37980, decode.loss_seg: 0.8432, decode.acc_seg: 72.7199, loss: 0.8432
2021-11-10 22:35:59,753 - mmseg - INFO - Iter [3950/12000]	lr: 7.013e-03, eta: 1:52:17, time: 0.677, data_time: 0.064, memory: 37980, decode.loss_seg: 0.8503, decode.acc_seg: 72.6674, loss: 0.8503
2021-11-10 22:36:34,976 - mmseg - INFO - Exp name: fcn_linear_coco-stuff164k_vissl_sc_exp27_ep12_max.py
2021-11-10 22:36:34,977 - mmseg - INFO - Iter [4000/12000]	lr: 6.974e-03, eta: 1:51:22, time: 0.704, data_time: 0.064, memory: 37980, decode.loss_seg: 0.8419, decode.acc_seg: 72.9990, loss: 0.8419
2021-11-10 22:37:08,665 - mmseg - INFO - Iter [4050/12000]	lr: 6.935e-03, eta: 1:50:24, time: 0.674, data_time: 0.064, memory: 37980, decode.loss_seg: 0.8408, decode.acc_seg: 72.8879, loss: 0.8408
2021-11-10 22:37:45,385 - mmseg - INFO - Iter [4100/12000]	lr: 6.897e-03, eta: 1:49:33, time: 0.734, data_time: 0.065, memory: 37980, decode.loss_seg: 0.8358, decode.acc_seg: 73.0316, loss: 0.8358
2021-11-10 22:38:18,707 - mmseg - INFO - Iter [4150/12000]	lr: 6.858e-03, eta: 1:48:35, time: 0.658, data_time: 0.064, memory: 37980, decode.loss_seg: 0.8417, decode.acc_seg: 72.7174, loss: 0.8417
2021-11-10 22:38:52,606 - mmseg - INFO - Iter [4200/12000]	lr: 6.819e-03, eta: 1:47:40, time: 0.686, data_time: 0.077, memory: 37980, decode.loss_seg: 0.8373, decode.acc_seg: 72.9875, loss: 0.8373
2021-11-10 22:39:28,921 - mmseg - INFO - Iter [4250/12000]	lr: 6.780e-03, eta: 1:46:50, time: 0.726, data_time: 0.061, memory: 37980, decode.loss_seg: 0.8388, decode.acc_seg: 72.8466, loss: 0.8388
2021-11-10 22:40:04,574 - mmseg - INFO - Iter [4300/12000]	lr: 6.741e-03, eta: 1:45:58, time: 0.713, data_time: 0.084, memory: 37980, decode.loss_seg: 0.8476, decode.acc_seg: 72.6741, loss: 0.8476
2021-11-10 22:40:40,729 - mmseg - INFO - Iter [4350/12000]	lr: 6.703e-03, eta: 1:45:08, time: 0.723, data_time: 0.062, memory: 37980, decode.loss_seg: 0.8462, decode.acc_seg: 72.7420, loss: 0.8462
2021-11-10 22:41:13,347 - mmseg - INFO - Iter [4400/12000]	lr: 6.664e-03, eta: 1:44:12, time: 0.652, data_time: 0.067, memory: 37980, decode.loss_seg: 0.8382, decode.acc_seg: 73.0430, loss: 0.8382
2021-11-10 22:41:47,188 - mmseg - INFO - Iter [4450/12000]	lr: 6.625e-03, eta: 1:43:18, time: 0.677, data_time: 0.067, memory: 37980, decode.loss_seg: 0.8344, decode.acc_seg: 73.2140, loss: 0.8344
2021-11-10 22:42:20,573 - mmseg - INFO - Iter [4500/12000]	lr: 6.586e-03, eta: 1:42:24, time: 0.668, data_time: 0.066, memory: 37980, decode.loss_seg: 0.8373, decode.acc_seg: 72.8872, loss: 0.8373
2021-11-10 22:42:54,424 - mmseg - INFO - Iter [4550/12000]	lr: 6.547e-03, eta: 1:41:32, time: 0.677, data_time: 0.070, memory: 37980, decode.loss_seg: 0.8348, decode.acc_seg: 72.9426, loss: 0.8348
2021-11-10 22:43:32,070 - mmseg - INFO - Iter [4600/12000]	lr: 6.508e-03, eta: 1:40:46, time: 0.753, data_time: 0.070, memory: 37980, decode.loss_seg: 0.8329, decode.acc_seg: 73.1487, loss: 0.8329
2021-11-10 22:44:05,667 - mmseg - INFO - Iter [4650/12000]	lr: 6.469e-03, eta: 1:39:53, time: 0.672, data_time: 0.095, memory: 37980, decode.loss_seg: 0.8511, decode.acc_seg: 72.3355, loss: 0.8511
2021-11-10 22:44:40,594 - mmseg - INFO - Iter [4700/12000]	lr: 6.430e-03, eta: 1:39:03, time: 0.699, data_time: 0.068, memory: 37980, decode.loss_seg: 0.8367, decode.acc_seg: 72.9922, loss: 0.8367
2021-11-10 22:45:16,862 - mmseg - INFO - Iter [4750/12000]	lr: 6.391e-03, eta: 1:38:16, time: 0.725, data_time: 0.070, memory: 37980, decode.loss_seg: 0.8412, decode.acc_seg: 72.9405, loss: 0.8412
2021-11-10 22:45:49,343 - mmseg - INFO - Iter [4800/12000]	lr: 6.352e-03, eta: 1:37:23, time: 0.650, data_time: 0.074, memory: 37980, decode.loss_seg: 0.8445, decode.acc_seg: 72.6680, loss: 0.8445
2021-11-10 22:46:21,980 - mmseg - INFO - Iter [4850/12000]	lr: 6.313e-03, eta: 1:36:31, time: 0.653, data_time: 0.070, memory: 37980, decode.loss_seg: 0.8328, decode.acc_seg: 73.2242, loss: 0.8328
2021-11-10 22:46:59,297 - mmseg - INFO - Iter [4900/12000]	lr: 6.274e-03, eta: 1:35:46, time: 0.746, data_time: 0.070, memory: 37980, decode.loss_seg: 0.8278, decode.acc_seg: 73.2883, loss: 0.8278
2021-11-10 22:47:33,693 - mmseg - INFO - Iter [4950/12000]	lr: 6.235e-03, eta: 1:34:56, time: 0.688, data_time: 0.071, memory: 37980, decode.loss_seg: 0.8406, decode.acc_seg: 72.7325, loss: 0.8406
2021-11-10 22:48:06,891 - mmseg - INFO - Exp name: fcn_linear_coco-stuff164k_vissl_sc_exp27_ep12_max.py
2021-11-10 22:48:06,891 - mmseg - INFO - Iter [5000/12000]	lr: 6.196e-03, eta: 1:34:06, time: 0.664, data_time: 0.067, memory: 37980, decode.loss_seg: 0.8352, decode.acc_seg: 72.9460, loss: 0.8352
2021-11-10 22:48:44,753 - mmseg - INFO - Iter [5050/12000]	lr: 6.156e-03, eta: 1:33:22, time: 0.757, data_time: 0.083, memory: 37980, decode.loss_seg: 0.8479, decode.acc_seg: 72.7009, loss: 0.8479
2021-11-10 22:49:19,845 - mmseg - INFO - Iter [5100/12000]	lr: 6.117e-03, eta: 1:32:35, time: 0.702, data_time: 0.066, memory: 37980, decode.loss_seg: 0.8373, decode.acc_seg: 72.8868, loss: 0.8373
2021-11-10 22:49:53,275 - mmseg - INFO - Iter [5150/12000]	lr: 6.078e-03, eta: 1:31:46, time: 0.669, data_time: 0.071, memory: 37980, decode.loss_seg: 0.8398, decode.acc_seg: 72.7130, loss: 0.8398
2021-11-10 22:50:27,486 - mmseg - INFO - Iter [5200/12000]	lr: 6.039e-03, eta: 1:30:58, time: 0.684, data_time: 0.066, memory: 37980, decode.loss_seg: 0.8448, decode.acc_seg: 72.6383, loss: 0.8448
2021-11-10 22:51:03,688 - mmseg - INFO - Iter [5250/12000]	lr: 5.999e-03, eta: 1:30:13, time: 0.726, data_time: 0.078, memory: 37980, decode.loss_seg: 0.8314, decode.acc_seg: 73.1265, loss: 0.8314
2021-11-10 22:51:40,518 - mmseg - INFO - Iter [5300/12000]	lr: 5.960e-03, eta: 1:29:28, time: 0.734, data_time: 0.059, memory: 37980, decode.loss_seg: 0.8358, decode.acc_seg: 72.9784, loss: 0.8358
2021-11-10 22:52:13,136 - mmseg - INFO - Iter [5350/12000]	lr: 5.921e-03, eta: 1:28:39, time: 0.652, data_time: 0.071, memory: 37980, decode.loss_seg: 0.8307, decode.acc_seg: 73.2932, loss: 0.8307
2021-11-10 22:52:48,390 - mmseg - INFO - Iter [5400/12000]	lr: 5.881e-03, eta: 1:27:53, time: 0.705, data_time: 0.065, memory: 37980, decode.loss_seg: 0.8339, decode.acc_seg: 72.9681, loss: 0.8339
2021-11-10 22:53:24,674 - mmseg - INFO - Iter [5450/12000]	lr: 5.842e-03, eta: 1:27:08, time: 0.716, data_time: 0.088, memory: 37980, decode.loss_seg: 0.8378, decode.acc_seg: 73.0019, loss: 0.8378
2021-11-10 22:54:00,297 - mmseg - INFO - Iter [5500/12000]	lr: 5.802e-03, eta: 1:26:24, time: 0.723, data_time: 0.078, memory: 37980, decode.loss_seg: 0.8312, decode.acc_seg: 73.1399, loss: 0.8312
2021-11-10 22:54:35,861 - mmseg - INFO - Iter [5550/12000]	lr: 5.763e-03, eta: 1:25:39, time: 0.711, data_time: 0.063, memory: 37980, decode.loss_seg: 0.8426, decode.acc_seg: 72.7871, loss: 0.8426
2021-11-10 22:55:08,475 - mmseg - INFO - Iter [5600/12000]	lr: 5.723e-03, eta: 1:24:51, time: 0.652, data_time: 0.065, memory: 37980, decode.loss_seg: 0.8343, decode.acc_seg: 73.0804, loss: 0.8343
2021-11-10 22:55:42,052 - mmseg - INFO - Iter [5650/12000]	lr: 5.684e-03, eta: 1:24:04, time: 0.672, data_time: 0.066, memory: 37980, decode.loss_seg: 0.8345, decode.acc_seg: 73.0134, loss: 0.8345
2021-11-10 22:56:14,785 - mmseg - INFO - Iter [5700/12000]	lr: 5.644e-03, eta: 1:23:16, time: 0.655, data_time: 0.064, memory: 37980, decode.loss_seg: 0.8330, decode.acc_seg: 73.0552, loss: 0.8330
2021-11-10 22:56:49,627 - mmseg - INFO - Iter [5750/12000]	lr: 5.605e-03, eta: 1:22:32, time: 0.697, data_time: 0.066, memory: 37980, decode.loss_seg: 0.8301, decode.acc_seg: 73.0914, loss: 0.8301
2021-11-10 22:57:23,958 - mmseg - INFO - Iter [5800/12000]	lr: 5.565e-03, eta: 1:21:46, time: 0.687, data_time: 0.064, memory: 37980, decode.loss_seg: 0.8531, decode.acc_seg: 72.4688, loss: 0.8531
2021-11-10 22:57:57,449 - mmseg - INFO - Iter [5850/12000]	lr: 5.525e-03, eta: 1:21:00, time: 0.670, data_time: 0.086, memory: 37980, decode.loss_seg: 0.8356, decode.acc_seg: 72.8926, loss: 0.8356
2021-11-10 22:58:31,992 - mmseg - INFO - Iter [5900/12000]	lr: 5.486e-03, eta: 1:20:16, time: 0.691, data_time: 0.072, memory: 37980, decode.loss_seg: 0.8316, decode.acc_seg: 73.1168, loss: 0.8316
2021-11-10 22:59:07,595 - mmseg - INFO - Iter [5950/12000]	lr: 5.446e-03, eta: 1:19:32, time: 0.712, data_time: 0.067, memory: 37980, decode.loss_seg: 0.8327, decode.acc_seg: 73.1528, loss: 0.8327
2021-11-10 22:59:41,593 - mmseg - INFO - Exp name: fcn_linear_coco-stuff164k_vissl_sc_exp27_ep12_max.py
2021-11-10 22:59:41,593 - mmseg - INFO - Iter [6000/12000]	lr: 5.406e-03, eta: 1:18:47, time: 0.680, data_time: 0.066, memory: 37980, decode.loss_seg: 0.8278, decode.acc_seg: 73.0692, loss: 0.8278
2021-11-10 23:01:27,153 - mmseg - INFO - per class results:
2021-11-10 23:01:27,155 - mmseg - INFO - 
+---------+-------+-------+
|  Class  |  IoU  |  Acc  |
+---------+-------+-------+
|  class1 |  0.0  |  0.0  |
|  class2 |  0.0  |  0.0  |
|  class3 |  0.98 |  0.99 |
|  class4 | 28.19 | 42.66 |
|  class5 |  18.9 | 23.03 |
|  class6 |  5.38 |  6.41 |
|  class7 |  0.29 |  0.3  |
|  class8 | 40.86 | 55.38 |
|  class9 |  4.87 |  5.75 |
| class10 | 38.13 |  55.5 |
| class11 |  0.17 |  0.17 |
| class12 | 35.88 | 54.99 |
| class13 | 38.64 | 53.66 |
| class14 | 25.44 |  39.5 |
| class15 | 51.81 | 75.51 |
| class16 | 25.67 | 40.19 |
| class17 |  5.6  |  6.31 |
| class18 |  6.5  |  8.12 |
| class19 | 37.34 | 60.91 |
| class20 |  4.7  |  5.03 |
| class21 | 48.86 |  68.5 |
| class22 | 60.18 | 75.27 |
| class23 | 62.42 | 84.62 |
| class24 | 76.64 |  88.4 |
| class25 | 21.57 | 24.61 |
| class26 |  31.6 | 42.41 |
| class27 | 64.62 | 74.32 |
+---------+-------+-------+
2021-11-10 23:01:27,155 - mmseg - INFO - Summary:
2021-11-10 23:01:27,155 - mmseg - INFO - 
+-------+-------+-------+
|  aAcc |  mIoU |  mAcc |
+-------+-------+-------+
| 65.63 | 27.23 | 36.76 |
+-------+-------+-------+
2021-11-10 23:01:27,163 - mmseg - INFO - Exp name: fcn_linear_coco-stuff164k_vissl_sc_exp27_ep12_max.py
2021-11-10 23:01:27,163 - mmseg - INFO - Iter(val) [272]	aAcc: 0.6563, mIoU: 0.2723, mAcc: 0.3676, IoU.class1: 0.0000, IoU.class2: 0.0000, IoU.class3: 0.0098, IoU.class4: 0.2819, IoU.class5: 0.1890, IoU.class6: 0.0538, IoU.class7: 0.0029, IoU.class8: 0.4086, IoU.class9: 0.0487, IoU.class10: 0.3813, IoU.class11: 0.0017, IoU.class12: 0.3588, IoU.class13: 0.3864, IoU.class14: 0.2544, IoU.class15: 0.5181, IoU.class16: 0.2567, IoU.class17: 0.0560, IoU.class18: 0.0650, IoU.class19: 0.3734, IoU.class20: 0.0470, IoU.class21: 0.4886, IoU.class22: 0.6018, IoU.class23: 0.6242, IoU.class24: 0.7664, IoU.class25: 0.2157, IoU.class26: 0.3160, IoU.class27: 0.6462, Acc.class1: 0.0000, Acc.class2: 0.0000, Acc.class3: 0.0099, Acc.class4: 0.4266, Acc.class5: 0.2303, Acc.class6: 0.0641, Acc.class7: 0.0030, Acc.class8: 0.5538, Acc.class9: 0.0575, Acc.class10: 0.5550, Acc.class11: 0.0017, Acc.class12: 0.5499, Acc.class13: 0.5366, Acc.class14: 0.3950, Acc.class15: 0.7551, Acc.class16: 0.4019, Acc.class17: 0.0631, Acc.class18: 0.0812, Acc.class19: 0.6091, Acc.class20: 0.0503, Acc.class21: 0.6850, Acc.class22: 0.7527, Acc.class23: 0.8462, Acc.class24: 0.8840, Acc.class25: 0.2461, Acc.class26: 0.4241, Acc.class27: 0.7432
2021-11-10 23:02:02,033 - mmseg - INFO - Iter [6050/12000]	lr: 5.366e-03, eta: 1:19:47, time: 2.809, data_time: 2.176, memory: 37980, decode.loss_seg: 0.8340, decode.acc_seg: 72.9986, loss: 0.8340
2021-11-10 23:02:37,591 - mmseg - INFO - Iter [6100/12000]	lr: 5.326e-03, eta: 1:19:02, time: 0.704, data_time: 0.069, memory: 37980, decode.loss_seg: 0.8443, decode.acc_seg: 72.8318, loss: 0.8443
2021-11-10 23:03:13,149 - mmseg - INFO - Iter [6150/12000]	lr: 5.287e-03, eta: 1:18:18, time: 0.719, data_time: 0.071, memory: 37980, decode.loss_seg: 0.8358, decode.acc_seg: 72.9548, loss: 0.8358
2021-11-10 23:03:49,796 - mmseg - INFO - Iter [6200/12000]	lr: 5.247e-03, eta: 1:17:35, time: 0.733, data_time: 0.084, memory: 37980, decode.loss_seg: 0.8333, decode.acc_seg: 73.2146, loss: 0.8333
2021-11-10 23:04:28,781 - mmseg - INFO - Iter [6250/12000]	lr: 5.207e-03, eta: 1:16:53, time: 0.780, data_time: 0.066, memory: 37980, decode.loss_seg: 0.8403, decode.acc_seg: 72.7701, loss: 0.8403
2021-11-10 23:05:01,553 - mmseg - INFO - Iter [6300/12000]	lr: 5.167e-03, eta: 1:16:07, time: 0.655, data_time: 0.072, memory: 37980, decode.loss_seg: 0.8249, decode.acc_seg: 73.2584, loss: 0.8249
2021-11-10 23:05:34,453 - mmseg - INFO - Iter [6350/12000]	lr: 5.127e-03, eta: 1:15:20, time: 0.658, data_time: 0.066, memory: 37980, decode.loss_seg: 0.8373, decode.acc_seg: 72.9580, loss: 0.8373
2021-11-10 23:06:10,814 - mmseg - INFO - Iter [6400/12000]	lr: 5.087e-03, eta: 1:14:37, time: 0.727, data_time: 0.064, memory: 37980, decode.loss_seg: 0.8225, decode.acc_seg: 73.4297, loss: 0.8225
2021-11-10 23:06:45,947 - mmseg - INFO - Iter [6450/12000]	lr: 5.047e-03, eta: 1:13:53, time: 0.703, data_time: 0.071, memory: 37980, decode.loss_seg: 0.8370, decode.acc_seg: 72.8602, loss: 0.8370
2021-11-10 23:07:18,718 - mmseg - INFO - Iter [6500/12000]	lr: 5.006e-03, eta: 1:13:07, time: 0.655, data_time: 0.068, memory: 37980, decode.loss_seg: 0.8342, decode.acc_seg: 73.0058, loss: 0.8342
2021-11-10 23:07:52,078 - mmseg - INFO - Iter [6550/12000]	lr: 4.966e-03, eta: 1:12:22, time: 0.667, data_time: 0.074, memory: 37980, decode.loss_seg: 0.8443, decode.acc_seg: 72.6771, loss: 0.8443
2021-11-10 23:08:27,414 - mmseg - INFO - Iter [6600/12000]	lr: 4.926e-03, eta: 1:11:38, time: 0.707, data_time: 0.084, memory: 37980, decode.loss_seg: 0.8356, decode.acc_seg: 73.0296, loss: 0.8356
2021-11-10 23:09:00,732 - mmseg - INFO - Iter [6650/12000]	lr: 4.886e-03, eta: 1:10:53, time: 0.666, data_time: 0.074, memory: 37980, decode.loss_seg: 0.8232, decode.acc_seg: 73.2556, loss: 0.8232
2021-11-10 23:09:34,810 - mmseg - INFO - Iter [6700/12000]	lr: 4.846e-03, eta: 1:10:09, time: 0.682, data_time: 0.068, memory: 37980, decode.loss_seg: 0.8307, decode.acc_seg: 73.1574, loss: 0.8307
2021-11-10 23:10:08,423 - mmseg - INFO - Iter [6750/12000]	lr: 4.805e-03, eta: 1:09:24, time: 0.672, data_time: 0.070, memory: 37980, decode.loss_seg: 0.8408, decode.acc_seg: 72.6877, loss: 0.8408
2021-11-10 23:10:42,725 - mmseg - INFO - Iter [6800/12000]	lr: 4.765e-03, eta: 1:08:41, time: 0.686, data_time: 0.068, memory: 37980, decode.loss_seg: 0.8378, decode.acc_seg: 72.9225, loss: 0.8378
2021-11-10 23:11:16,657 - mmseg - INFO - Iter [6850/12000]	lr: 4.725e-03, eta: 1:07:57, time: 0.679, data_time: 0.066, memory: 37980, decode.loss_seg: 0.8394, decode.acc_seg: 72.8660, loss: 0.8394
2021-11-10 23:11:50,323 - mmseg - INFO - Iter [6900/12000]	lr: 4.684e-03, eta: 1:07:13, time: 0.673, data_time: 0.066, memory: 37980, decode.loss_seg: 0.8260, decode.acc_seg: 73.2170, loss: 0.8260
2021-11-10 23:12:24,842 - mmseg - INFO - Iter [6950/12000]	lr: 4.644e-03, eta: 1:06:29, time: 0.690, data_time: 0.069, memory: 37980, decode.loss_seg: 0.8273, decode.acc_seg: 73.3372, loss: 0.8273
2021-11-10 23:12:58,399 - mmseg - INFO - Exp name: fcn_linear_coco-stuff164k_vissl_sc_exp27_ep12_max.py
2021-11-10 23:12:58,400 - mmseg - INFO - Iter [7000/12000]	lr: 4.603e-03, eta: 1:05:46, time: 0.671, data_time: 0.089, memory: 37980, decode.loss_seg: 0.8272, decode.acc_seg: 73.2753, loss: 0.8272
2021-11-10 23:13:30,946 - mmseg - INFO - Iter [7050/12000]	lr: 4.563e-03, eta: 1:05:01, time: 0.651, data_time: 0.065, memory: 37980, decode.loss_seg: 0.8340, decode.acc_seg: 72.9036, loss: 0.8340
2021-11-10 23:14:04,112 - mmseg - INFO - Iter [7100/12000]	lr: 4.522e-03, eta: 1:04:18, time: 0.663, data_time: 0.067, memory: 37980, decode.loss_seg: 0.8312, decode.acc_seg: 73.1893, loss: 0.8312
2021-11-10 23:14:39,267 - mmseg - INFO - Iter [7150/12000]	lr: 4.481e-03, eta: 1:03:35, time: 0.703, data_time: 0.069, memory: 37980, decode.loss_seg: 0.8345, decode.acc_seg: 73.1438, loss: 0.8345
2021-11-10 23:15:11,692 - mmseg - INFO - Iter [7200/12000]	lr: 4.441e-03, eta: 1:02:51, time: 0.648, data_time: 0.070, memory: 37980, decode.loss_seg: 0.8339, decode.acc_seg: 72.9256, loss: 0.8339
2021-11-10 23:15:47,489 - mmseg - INFO - Iter [7250/12000]	lr: 4.400e-03, eta: 1:02:10, time: 0.716, data_time: 0.077, memory: 37980, decode.loss_seg: 0.8278, decode.acc_seg: 73.1548, loss: 0.8278
2021-11-10 23:16:22,506 - mmseg - INFO - Iter [7300/12000]	lr: 4.359e-03, eta: 1:01:28, time: 0.700, data_time: 0.067, memory: 37980, decode.loss_seg: 0.8391, decode.acc_seg: 72.8304, loss: 0.8391
2021-11-10 23:16:56,211 - mmseg - INFO - Iter [7350/12000]	lr: 4.319e-03, eta: 1:00:45, time: 0.674, data_time: 0.067, memory: 37980, decode.loss_seg: 0.8287, decode.acc_seg: 73.2453, loss: 0.8287
2021-11-10 23:17:33,007 - mmseg - INFO - Iter [7400/12000]	lr: 4.278e-03, eta: 1:00:04, time: 0.736, data_time: 0.083, memory: 37980, decode.loss_seg: 0.8278, decode.acc_seg: 73.1808, loss: 0.8278
2021-11-10 23:18:10,821 - mmseg - INFO - Iter [7450/12000]	lr: 4.237e-03, eta: 0:59:24, time: 0.756, data_time: 0.068, memory: 37980, decode.loss_seg: 0.8347, decode.acc_seg: 73.0197, loss: 0.8347
2021-11-10 23:18:43,962 - mmseg - INFO - Iter [7500/12000]	lr: 4.196e-03, eta: 0:58:42, time: 0.663, data_time: 0.070, memory: 37980, decode.loss_seg: 0.8310, decode.acc_seg: 73.0507, loss: 0.8310
2021-11-10 23:19:17,225 - mmseg - INFO - Iter [7550/12000]	lr: 4.155e-03, eta: 0:57:59, time: 0.665, data_time: 0.070, memory: 37980, decode.loss_seg: 0.8318, decode.acc_seg: 73.0727, loss: 0.8318
2021-11-10 23:19:49,960 - mmseg - INFO - Iter [7600/12000]	lr: 4.114e-03, eta: 0:57:16, time: 0.655, data_time: 0.068, memory: 37980, decode.loss_seg: 0.8269, decode.acc_seg: 73.3229, loss: 0.8269
2021-11-10 23:20:23,403 - mmseg - INFO - Iter [7650/12000]	lr: 4.073e-03, eta: 0:56:34, time: 0.669, data_time: 0.063, memory: 37980, decode.loss_seg: 0.8392, decode.acc_seg: 72.7180, loss: 0.8392
2021-11-10 23:20:58,727 - mmseg - INFO - Iter [7700/12000]	lr: 4.032e-03, eta: 0:55:53, time: 0.706, data_time: 0.069, memory: 37980, decode.loss_seg: 0.8268, decode.acc_seg: 73.2642, loss: 0.8268
2021-11-10 23:21:33,169 - mmseg - INFO - Iter [7750/12000]	lr: 3.991e-03, eta: 0:55:11, time: 0.689, data_time: 0.079, memory: 37980, decode.loss_seg: 0.8243, decode.acc_seg: 73.3537, loss: 0.8243
2021-11-10 23:22:05,729 - mmseg - INFO - Iter [7800/12000]	lr: 3.949e-03, eta: 0:54:29, time: 0.651, data_time: 0.067, memory: 37980, decode.loss_seg: 0.8344, decode.acc_seg: 72.9258, loss: 0.8344
2021-11-10 23:22:39,726 - mmseg - INFO - Iter [7850/12000]	lr: 3.908e-03, eta: 0:53:48, time: 0.680, data_time: 0.066, memory: 37980, decode.loss_seg: 0.8309, decode.acc_seg: 73.1176, loss: 0.8309
2021-11-10 23:23:13,278 - mmseg - INFO - Iter [7900/12000]	lr: 3.867e-03, eta: 0:53:06, time: 0.671, data_time: 0.067, memory: 37980, decode.loss_seg: 0.8305, decode.acc_seg: 73.1417, loss: 0.8305
2021-11-10 23:23:48,356 - mmseg - INFO - Iter [7950/12000]	lr: 3.825e-03, eta: 0:52:25, time: 0.702, data_time: 0.065, memory: 37980, decode.loss_seg: 0.8358, decode.acc_seg: 73.0856, loss: 0.8358
2021-11-10 23:24:21,423 - mmseg - INFO - Exp name: fcn_linear_coco-stuff164k_vissl_sc_exp27_ep12_max.py
2021-11-10 23:24:21,423 - mmseg - INFO - Iter [8000/12000]	lr: 3.784e-03, eta: 0:51:43, time: 0.661, data_time: 0.069, memory: 37980, decode.loss_seg: 0.8197, decode.acc_seg: 73.4797, loss: 0.8197
2021-11-10 23:24:58,764 - mmseg - INFO - Iter [8050/12000]	lr: 3.743e-03, eta: 0:51:04, time: 0.747, data_time: 0.068, memory: 37980, decode.loss_seg: 0.8301, decode.acc_seg: 73.0233, loss: 0.8301
2021-11-10 23:25:32,179 - mmseg - INFO - Iter [8100/12000]	lr: 3.701e-03, eta: 0:50:22, time: 0.668, data_time: 0.071, memory: 37980, decode.loss_seg: 0.8278, decode.acc_seg: 73.1492, loss: 0.8278
2021-11-10 23:26:06,290 - mmseg - INFO - Iter [8150/12000]	lr: 3.659e-03, eta: 0:49:42, time: 0.682, data_time: 0.089, memory: 37980, decode.loss_seg: 0.8340, decode.acc_seg: 72.8328, loss: 0.8340
2021-11-10 23:26:38,846 - mmseg - INFO - Iter [8200/12000]	lr: 3.618e-03, eta: 0:49:00, time: 0.651, data_time: 0.069, memory: 37980, decode.loss_seg: 0.8286, decode.acc_seg: 73.0976, loss: 0.8286
2021-11-10 23:27:12,322 - mmseg - INFO - Iter [8250/12000]	lr: 3.576e-03, eta: 0:48:19, time: 0.670, data_time: 0.075, memory: 37980, decode.loss_seg: 0.8320, decode.acc_seg: 73.0196, loss: 0.8320
2021-11-10 23:27:47,164 - mmseg - INFO - Iter [8300/12000]	lr: 3.534e-03, eta: 0:47:39, time: 0.697, data_time: 0.069, memory: 37980, decode.loss_seg: 0.8282, decode.acc_seg: 73.2144, loss: 0.8282
2021-11-10 23:28:20,540 - mmseg - INFO - Iter [8350/12000]	lr: 3.493e-03, eta: 0:46:58, time: 0.668, data_time: 0.066, memory: 37980, decode.loss_seg: 0.8339, decode.acc_seg: 72.9998, loss: 0.8339
2021-11-10 23:28:55,347 - mmseg - INFO - Iter [8400/12000]	lr: 3.451e-03, eta: 0:46:17, time: 0.696, data_time: 0.071, memory: 37980, decode.loss_seg: 0.8296, decode.acc_seg: 73.2883, loss: 0.8296
2021-11-10 23:29:30,806 - mmseg - INFO - Iter [8450/12000]	lr: 3.409e-03, eta: 0:45:37, time: 0.709, data_time: 0.069, memory: 37980, decode.loss_seg: 0.8378, decode.acc_seg: 72.9182, loss: 0.8378
2021-11-10 23:30:03,298 - mmseg - INFO - Iter [8500/12000]	lr: 3.367e-03, eta: 0:44:56, time: 0.650, data_time: 0.075, memory: 37980, decode.loss_seg: 0.8240, decode.acc_seg: 73.4042, loss: 0.8240
2021-11-10 23:30:37,432 - mmseg - INFO - Iter [8550/12000]	lr: 3.325e-03, eta: 0:44:16, time: 0.683, data_time: 0.087, memory: 37980, decode.loss_seg: 0.8328, decode.acc_seg: 72.9949, loss: 0.8328
2021-11-10 23:31:11,313 - mmseg - INFO - Iter [8600/12000]	lr: 3.283e-03, eta: 0:43:36, time: 0.680, data_time: 0.066, memory: 37980, decode.loss_seg: 0.8265, decode.acc_seg: 73.2690, loss: 0.8265
2021-11-10 23:31:45,874 - mmseg - INFO - Iter [8650/12000]	lr: 3.241e-03, eta: 0:42:56, time: 0.689, data_time: 0.070, memory: 37980, decode.loss_seg: 0.8286, decode.acc_seg: 73.0727, loss: 0.8286
2021-11-10 23:32:19,232 - mmseg - INFO - Iter [8700/12000]	lr: 3.199e-03, eta: 0:42:15, time: 0.667, data_time: 0.067, memory: 37980, decode.loss_seg: 0.8281, decode.acc_seg: 73.4188, loss: 0.8281
2021-11-10 23:32:53,295 - mmseg - INFO - Iter [8750/12000]	lr: 3.156e-03, eta: 0:41:35, time: 0.681, data_time: 0.076, memory: 37980, decode.loss_seg: 0.8324, decode.acc_seg: 73.0342, loss: 0.8324
2021-11-10 23:33:29,254 - mmseg - INFO - Iter [8800/12000]	lr: 3.114e-03, eta: 0:40:56, time: 0.719, data_time: 0.070, memory: 37980, decode.loss_seg: 0.8256, decode.acc_seg: 73.2687, loss: 0.8256
2021-11-10 23:34:06,406 - mmseg - INFO - Iter [8850/12000]	lr: 3.071e-03, eta: 0:40:17, time: 0.743, data_time: 0.069, memory: 37980, decode.loss_seg: 0.8295, decode.acc_seg: 73.1558, loss: 0.8295
2021-11-10 23:34:40,155 - mmseg - INFO - Iter [8900/12000]	lr: 3.029e-03, eta: 0:39:37, time: 0.675, data_time: 0.069, memory: 37980, decode.loss_seg: 0.8306, decode.acc_seg: 72.8900, loss: 0.8306
2021-11-10 23:35:15,179 - mmseg - INFO - Iter [8950/12000]	lr: 2.986e-03, eta: 0:38:58, time: 0.700, data_time: 0.084, memory: 37980, decode.loss_seg: 0.8356, decode.acc_seg: 72.9642, loss: 0.8356
2021-11-10 23:35:49,850 - mmseg - INFO - Exp name: fcn_linear_coco-stuff164k_vissl_sc_exp27_ep12_max.py
2021-11-10 23:35:49,851 - mmseg - INFO - Iter [9000/12000]	lr: 2.944e-03, eta: 0:38:18, time: 0.693, data_time: 0.071, memory: 37980, decode.loss_seg: 0.8267, decode.acc_seg: 73.2704, loss: 0.8267
2021-11-10 23:37:35,307 - mmseg - INFO - per class results:
2021-11-10 23:37:35,309 - mmseg - INFO - 
+---------+-------+-------+
|  Class  |  IoU  |  Acc  |
+---------+-------+-------+
|  class1 |  0.0  |  0.01 |
|  class2 |  0.0  |  0.0  |
|  class3 |  3.42 |  3.43 |
|  class4 | 28.47 | 42.06 |
|  class5 | 19.56 | 24.22 |
|  class6 |  4.77 |  5.56 |
|  class7 |  0.23 |  0.24 |
|  class8 | 41.72 | 57.42 |
|  class9 |  4.96 |  5.76 |
| class10 | 38.28 | 55.58 |
| class11 |  0.15 |  0.15 |
| class12 | 36.34 | 53.67 |
| class13 | 39.49 | 54.62 |
| class14 |  26.3 | 38.27 |
| class15 | 53.11 | 74.79 |
| class16 | 24.39 | 36.45 |
| class17 |  7.54 |  8.89 |
| class18 |  5.98 |  7.48 |
| class19 |  35.6 | 57.74 |
| class20 |  6.98 |  7.7  |
| class21 | 49.08 |  69.1 |
| class22 | 60.23 | 76.95 |
| class23 | 62.76 | 83.16 |
| class24 | 75.76 | 87.62 |
| class25 | 21.65 | 24.64 |
| class26 | 32.32 | 45.62 |
| class27 | 64.85 | 74.95 |
+---------+-------+-------+
2021-11-10 23:37:35,309 - mmseg - INFO - Summary:
2021-11-10 23:37:35,309 - mmseg - INFO - 
+-------+-------+-------+
|  aAcc |  mIoU |  mAcc |
+-------+-------+-------+
| 65.33 | 27.55 | 36.89 |
+-------+-------+-------+
2021-11-10 23:37:35,315 - mmseg - INFO - Exp name: fcn_linear_coco-stuff164k_vissl_sc_exp27_ep12_max.py
2021-11-10 23:37:35,315 - mmseg - INFO - Iter(val) [272]	aAcc: 0.6533, mIoU: 0.2755, mAcc: 0.3689, IoU.class1: 0.0000, IoU.class2: 0.0000, IoU.class3: 0.0342, IoU.class4: 0.2847, IoU.class5: 0.1956, IoU.class6: 0.0477, IoU.class7: 0.0023, IoU.class8: 0.4172, IoU.class9: 0.0496, IoU.class10: 0.3828, IoU.class11: 0.0015, IoU.class12: 0.3634, IoU.class13: 0.3949, IoU.class14: 0.2630, IoU.class15: 0.5311, IoU.class16: 0.2439, IoU.class17: 0.0754, IoU.class18: 0.0598, IoU.class19: 0.3560, IoU.class20: 0.0698, IoU.class21: 0.4908, IoU.class22: 0.6023, IoU.class23: 0.6276, IoU.class24: 0.7576, IoU.class25: 0.2165, IoU.class26: 0.3232, IoU.class27: 0.6485, Acc.class1: 0.0001, Acc.class2: 0.0000, Acc.class3: 0.0343, Acc.class4: 0.4206, Acc.class5: 0.2422, Acc.class6: 0.0556, Acc.class7: 0.0024, Acc.class8: 0.5742, Acc.class9: 0.0576, Acc.class10: 0.5558, Acc.class11: 0.0015, Acc.class12: 0.5367, Acc.class13: 0.5462, Acc.class14: 0.3827, Acc.class15: 0.7479, Acc.class16: 0.3645, Acc.class17: 0.0889, Acc.class18: 0.0748, Acc.class19: 0.5774, Acc.class20: 0.0770, Acc.class21: 0.6910, Acc.class22: 0.7695, Acc.class23: 0.8316, Acc.class24: 0.8762, Acc.class25: 0.2464, Acc.class26: 0.4562, Acc.class27: 0.7495
2021-11-10 23:38:07,198 - mmseg - INFO - Iter [9050/12000]	lr: 2.901e-03, eta: 0:38:12, time: 2.747, data_time: 2.178, memory: 37980, decode.loss_seg: 0.8229, decode.acc_seg: 73.3134, loss: 0.8229
2021-11-10 23:38:39,777 - mmseg - INFO - Iter [9100/12000]	lr: 2.858e-03, eta: 0:37:31, time: 0.652, data_time: 0.070, memory: 37980, decode.loss_seg: 0.8292, decode.acc_seg: 73.0140, loss: 0.8292
2021-11-10 23:39:14,926 - mmseg - INFO - Iter [9150/12000]	lr: 2.816e-03, eta: 0:36:51, time: 0.695, data_time: 0.068, memory: 37980, decode.loss_seg: 0.8220, decode.acc_seg: 73.3574, loss: 0.8220
2021-11-10 23:39:47,891 - mmseg - INFO - Iter [9200/12000]	lr: 2.773e-03, eta: 0:36:11, time: 0.667, data_time: 0.077, memory: 37980, decode.loss_seg: 0.8276, decode.acc_seg: 73.0657, loss: 0.8276
2021-11-10 23:40:21,385 - mmseg - INFO - Iter [9250/12000]	lr: 2.730e-03, eta: 0:35:30, time: 0.670, data_time: 0.069, memory: 37980, decode.loss_seg: 0.8308, decode.acc_seg: 73.1148, loss: 0.8308
2021-11-10 23:40:56,658 - mmseg - INFO - Iter [9300/12000]	lr: 2.687e-03, eta: 0:34:51, time: 0.706, data_time: 0.086, memory: 37980, decode.loss_seg: 0.8361, decode.acc_seg: 73.0651, loss: 0.8361
2021-11-10 23:41:29,506 - mmseg - INFO - Iter [9350/12000]	lr: 2.644e-03, eta: 0:34:10, time: 0.657, data_time: 0.070, memory: 37980, decode.loss_seg: 0.8342, decode.acc_seg: 73.0823, loss: 0.8342
2021-11-10 23:42:02,422 - mmseg - INFO - Iter [9400/12000]	lr: 2.600e-03, eta: 0:33:30, time: 0.658, data_time: 0.069, memory: 37980, decode.loss_seg: 0.8377, decode.acc_seg: 72.8677, loss: 0.8377
2021-11-10 23:42:37,126 - mmseg - INFO - Iter [9450/12000]	lr: 2.557e-03, eta: 0:32:50, time: 0.694, data_time: 0.069, memory: 37980, decode.loss_seg: 0.8266, decode.acc_seg: 73.3168, loss: 0.8266
2021-11-10 23:43:09,929 - mmseg - INFO - Iter [9500/12000]	lr: 2.514e-03, eta: 0:32:10, time: 0.656, data_time: 0.065, memory: 37980, decode.loss_seg: 0.8122, decode.acc_seg: 73.6105, loss: 0.8122
2021-11-10 23:43:42,650 - mmseg - INFO - Iter [9550/12000]	lr: 2.470e-03, eta: 0:31:30, time: 0.654, data_time: 0.069, memory: 37980, decode.loss_seg: 0.8289, decode.acc_seg: 73.0922, loss: 0.8289
2021-11-10 23:44:15,897 - mmseg - INFO - Iter [9600/12000]	lr: 2.427e-03, eta: 0:30:50, time: 0.657, data_time: 0.069, memory: 37980, decode.loss_seg: 0.8272, decode.acc_seg: 73.1196, loss: 0.8272
2021-11-10 23:44:50,315 - mmseg - INFO - Iter [9650/12000]	lr: 2.383e-03, eta: 0:30:10, time: 0.696, data_time: 0.075, memory: 37980, decode.loss_seg: 0.8293, decode.acc_seg: 73.1613, loss: 0.8293
2021-11-10 23:45:23,816 - mmseg - INFO - Iter [9700/12000]	lr: 2.339e-03, eta: 0:29:31, time: 0.670, data_time: 0.087, memory: 37980, decode.loss_seg: 0.8256, decode.acc_seg: 73.3072, loss: 0.8256
2021-11-10 23:45:56,288 - mmseg - INFO - Iter [9750/12000]	lr: 2.295e-03, eta: 0:28:51, time: 0.649, data_time: 0.071, memory: 37980, decode.loss_seg: 0.8266, decode.acc_seg: 73.2224, loss: 0.8266
2021-11-10 23:46:29,394 - mmseg - INFO - Iter [9800/12000]	lr: 2.251e-03, eta: 0:28:11, time: 0.662, data_time: 0.069, memory: 37980, decode.loss_seg: 0.8365, decode.acc_seg: 72.9002, loss: 0.8365
2021-11-10 23:47:03,057 - mmseg - INFO - Iter [9850/12000]	lr: 2.207e-03, eta: 0:27:32, time: 0.673, data_time: 0.068, memory: 37980, decode.loss_seg: 0.8290, decode.acc_seg: 73.2428, loss: 0.8290
2021-11-10 23:47:36,863 - mmseg - INFO - Iter [9900/12000]	lr: 2.163e-03, eta: 0:26:52, time: 0.676, data_time: 0.066, memory: 37980, decode.loss_seg: 0.8218, decode.acc_seg: 73.3608, loss: 0.8218
2021-11-10 23:48:11,143 - mmseg - INFO - Iter [9950/12000]	lr: 2.119e-03, eta: 0:26:13, time: 0.686, data_time: 0.066, memory: 37980, decode.loss_seg: 0.8276, decode.acc_seg: 72.9858, loss: 0.8276
2021-11-10 23:48:44,651 - mmseg - INFO - Exp name: fcn_linear_coco-stuff164k_vissl_sc_exp27_ep12_max.py
2021-11-10 23:48:44,652 - mmseg - INFO - Iter [10000/12000]	lr: 2.075e-03, eta: 0:25:34, time: 0.670, data_time: 0.073, memory: 37980, decode.loss_seg: 0.8278, decode.acc_seg: 73.3018, loss: 0.8278
2021-11-10 23:49:19,927 - mmseg - INFO - Iter [10050/12000]	lr: 2.030e-03, eta: 0:24:55, time: 0.706, data_time: 0.072, memory: 37980, decode.loss_seg: 0.8265, decode.acc_seg: 73.1189, loss: 0.8265
2021-11-10 23:49:54,283 - mmseg - INFO - Iter [10100/12000]	lr: 1.986e-03, eta: 0:24:16, time: 0.687, data_time: 0.085, memory: 37980, decode.loss_seg: 0.8271, decode.acc_seg: 73.1218, loss: 0.8271
2021-11-10 23:50:28,847 - mmseg - INFO - Iter [10150/12000]	lr: 1.941e-03, eta: 0:23:37, time: 0.691, data_time: 0.066, memory: 37980, decode.loss_seg: 0.8347, decode.acc_seg: 73.0107, loss: 0.8347
2021-11-10 23:51:01,919 - mmseg - INFO - Iter [10200/12000]	lr: 1.896e-03, eta: 0:22:57, time: 0.661, data_time: 0.068, memory: 37980, decode.loss_seg: 0.8263, decode.acc_seg: 73.2005, loss: 0.8263
2021-11-10 23:51:34,494 - mmseg - INFO - Iter [10250/12000]	lr: 1.851e-03, eta: 0:22:18, time: 0.652, data_time: 0.066, memory: 37980, decode.loss_seg: 0.8251, decode.acc_seg: 73.2662, loss: 0.8251
2021-11-10 23:52:08,477 - mmseg - INFO - Iter [10300/12000]	lr: 1.806e-03, eta: 0:21:39, time: 0.680, data_time: 0.072, memory: 37980, decode.loss_seg: 0.8278, decode.acc_seg: 73.1039, loss: 0.8278
2021-11-10 23:52:41,993 - mmseg - INFO - Iter [10350/12000]	lr: 1.761e-03, eta: 0:21:00, time: 0.670, data_time: 0.069, memory: 37980, decode.loss_seg: 0.8246, decode.acc_seg: 73.2696, loss: 0.8246
2021-11-10 23:53:17,700 - mmseg - INFO - Iter [10400/12000]	lr: 1.716e-03, eta: 0:20:22, time: 0.714, data_time: 0.076, memory: 37980, decode.loss_seg: 0.8281, decode.acc_seg: 73.2494, loss: 0.8281
2021-11-10 23:53:51,756 - mmseg - INFO - Iter [10450/12000]	lr: 1.670e-03, eta: 0:19:43, time: 0.681, data_time: 0.087, memory: 37980, decode.loss_seg: 0.8204, decode.acc_seg: 73.4939, loss: 0.8204
2021-11-10 23:54:25,742 - mmseg - INFO - Iter [10500/12000]	lr: 1.624e-03, eta: 0:19:04, time: 0.680, data_time: 0.070, memory: 37980, decode.loss_seg: 0.8209, decode.acc_seg: 73.3773, loss: 0.8209
2021-11-10 23:55:03,410 - mmseg - INFO - Iter [10550/12000]	lr: 1.579e-03, eta: 0:18:26, time: 0.753, data_time: 0.067, memory: 37980, decode.loss_seg: 0.8231, decode.acc_seg: 73.3610, loss: 0.8231
2021-11-10 23:55:35,895 - mmseg - INFO - Iter [10600/12000]	lr: 1.533e-03, eta: 0:17:47, time: 0.650, data_time: 0.068, memory: 37980, decode.loss_seg: 0.8288, decode.acc_seg: 73.1169, loss: 0.8288
2021-11-10 23:56:09,258 - mmseg - INFO - Iter [10650/12000]	lr: 1.487e-03, eta: 0:17:08, time: 0.667, data_time: 0.068, memory: 37980, decode.loss_seg: 0.8308, decode.acc_seg: 73.0152, loss: 0.8308
2021-11-10 23:56:42,608 - mmseg - INFO - Iter [10700/12000]	lr: 1.440e-03, eta: 0:16:30, time: 0.667, data_time: 0.068, memory: 37980, decode.loss_seg: 0.8260, decode.acc_seg: 73.2546, loss: 0.8260
2021-11-10 23:57:17,065 - mmseg - INFO - Iter [10750/12000]	lr: 1.394e-03, eta: 0:15:51, time: 0.689, data_time: 0.070, memory: 37980, decode.loss_seg: 0.8339, decode.acc_seg: 72.8954, loss: 0.8339
2021-11-10 23:57:52,435 - mmseg - INFO - Iter [10800/12000]	lr: 1.347e-03, eta: 0:15:13, time: 0.707, data_time: 0.078, memory: 37980, decode.loss_seg: 0.8284, decode.acc_seg: 73.2642, loss: 0.8284
2021-11-10 23:58:26,646 - mmseg - INFO - Iter [10850/12000]	lr: 1.300e-03, eta: 0:14:34, time: 0.684, data_time: 0.092, memory: 37980, decode.loss_seg: 0.8229, decode.acc_seg: 73.3934, loss: 0.8229
2021-11-10 23:58:59,131 - mmseg - INFO - Iter [10900/12000]	lr: 1.253e-03, eta: 0:13:56, time: 0.650, data_time: 0.066, memory: 37980, decode.loss_seg: 0.8178, decode.acc_seg: 73.3722, loss: 0.8178
2021-11-10 23:59:33,389 - mmseg - INFO - Iter [10950/12000]	lr: 1.206e-03, eta: 0:13:17, time: 0.685, data_time: 0.067, memory: 37980, decode.loss_seg: 0.8296, decode.acc_seg: 73.0230, loss: 0.8296
2021-11-11 00:00:07,149 - mmseg - INFO - Exp name: fcn_linear_coco-stuff164k_vissl_sc_exp27_ep12_max.py
2021-11-11 00:00:07,149 - mmseg - INFO - Iter [11000/12000]	lr: 1.159e-03, eta: 0:12:39, time: 0.675, data_time: 0.068, memory: 37980, decode.loss_seg: 0.8285, decode.acc_seg: 73.1367, loss: 0.8285
2021-11-11 00:00:42,893 - mmseg - INFO - Iter [11050/12000]	lr: 1.111e-03, eta: 0:12:01, time: 0.715, data_time: 0.067, memory: 37980, decode.loss_seg: 0.8236, decode.acc_seg: 73.4676, loss: 0.8236
2021-11-11 00:01:15,392 - mmseg - INFO - Iter [11100/12000]	lr: 1.063e-03, eta: 0:11:22, time: 0.650, data_time: 0.068, memory: 37980, decode.loss_seg: 0.8220, decode.acc_seg: 73.3482, loss: 0.8220
2021-11-11 00:01:49,780 - mmseg - INFO - Iter [11150/12000]	lr: 1.015e-03, eta: 0:10:44, time: 0.688, data_time: 0.078, memory: 37980, decode.loss_seg: 0.8270, decode.acc_seg: 73.3222, loss: 0.8270
2021-11-11 00:02:24,453 - mmseg - INFO - Iter [11200/12000]	lr: 9.662e-04, eta: 0:10:06, time: 0.693, data_time: 0.075, memory: 37980, decode.loss_seg: 0.8240, decode.acc_seg: 73.3972, loss: 0.8240
2021-11-11 00:03:00,383 - mmseg - INFO - Iter [11250/12000]	lr: 9.174e-04, eta: 0:09:28, time: 0.709, data_time: 0.087, memory: 37980, decode.loss_seg: 0.8326, decode.acc_seg: 72.8785, loss: 0.8326
2021-11-11 00:03:32,884 - mmseg - INFO - Iter [11300/12000]	lr: 8.683e-04, eta: 0:08:50, time: 0.660, data_time: 0.075, memory: 37980, decode.loss_seg: 0.8182, decode.acc_seg: 73.5684, loss: 0.8182
2021-11-11 00:04:06,706 - mmseg - INFO - Iter [11350/12000]	lr: 8.188e-04, eta: 0:08:12, time: 0.676, data_time: 0.066, memory: 37980, decode.loss_seg: 0.8302, decode.acc_seg: 73.0392, loss: 0.8302
2021-11-11 00:04:39,911 - mmseg - INFO - Iter [11400/12000]	lr: 7.689e-04, eta: 0:07:34, time: 0.664, data_time: 0.072, memory: 37980, decode.loss_seg: 0.8322, decode.acc_seg: 72.9867, loss: 0.8322
2021-11-11 00:05:12,634 - mmseg - INFO - Iter [11450/12000]	lr: 7.186e-04, eta: 0:06:55, time: 0.654, data_time: 0.071, memory: 37980, decode.loss_seg: 0.8258, decode.acc_seg: 73.1261, loss: 0.8258
2021-11-11 00:05:47,868 - mmseg - INFO - Iter [11500/12000]	lr: 6.678e-04, eta: 0:06:18, time: 0.705, data_time: 0.075, memory: 37980, decode.loss_seg: 0.8179, decode.acc_seg: 73.6508, loss: 0.8179
2021-11-11 00:06:20,422 - mmseg - INFO - Iter [11550/12000]	lr: 6.166e-04, eta: 0:05:40, time: 0.651, data_time: 0.073, memory: 37980, decode.loss_seg: 0.8194, decode.acc_seg: 73.5061, loss: 0.8194
2021-11-11 00:06:54,803 - mmseg - INFO - Iter [11600/12000]	lr: 5.647e-04, eta: 0:05:02, time: 0.677, data_time: 0.069, memory: 37980, decode.loss_seg: 0.8251, decode.acc_seg: 73.2403, loss: 0.8251
2021-11-11 00:07:29,807 - mmseg - INFO - Iter [11650/12000]	lr: 5.122e-04, eta: 0:04:24, time: 0.710, data_time: 0.103, memory: 37980, decode.loss_seg: 0.8325, decode.acc_seg: 73.0273, loss: 0.8325
2021-11-11 00:08:06,205 - mmseg - INFO - Iter [11700/12000]	lr: 4.590e-04, eta: 0:03:46, time: 0.728, data_time: 0.070, memory: 37980, decode.loss_seg: 0.8215, decode.acc_seg: 73.3525, loss: 0.8215
2021-11-11 00:08:39,182 - mmseg - INFO - Iter [11750/12000]	lr: 4.048e-04, eta: 0:03:08, time: 0.660, data_time: 0.071, memory: 37980, decode.loss_seg: 0.8340, decode.acc_seg: 72.8550, loss: 0.8340
2021-11-11 00:09:14,096 - mmseg - INFO - Iter [11800/12000]	lr: 3.496e-04, eta: 0:02:30, time: 0.698, data_time: 0.065, memory: 37980, decode.loss_seg: 0.8154, decode.acc_seg: 73.5273, loss: 0.8154
2021-11-11 00:09:46,714 - mmseg - INFO - Iter [11850/12000]	lr: 2.930e-04, eta: 0:01:53, time: 0.652, data_time: 0.072, memory: 37980, decode.loss_seg: 0.8236, decode.acc_seg: 73.3365, loss: 0.8236
2021-11-11 00:10:20,051 - mmseg - INFO - Iter [11900/12000]	lr: 2.344e-04, eta: 0:01:15, time: 0.667, data_time: 0.068, memory: 37980, decode.loss_seg: 0.8289, decode.acc_seg: 73.1195, loss: 0.8289
2021-11-11 00:10:54,047 - mmseg - INFO - Iter [11950/12000]	lr: 1.726e-04, eta: 0:00:37, time: 0.680, data_time: 0.069, memory: 37980, decode.loss_seg: 0.8221, decode.acc_seg: 73.3952, loss: 0.8221
2021-11-11 00:11:31,239 - mmseg - INFO - Saving checkpoint at 12000 iterations
2021-11-11 00:11:31,409 - mmseg - INFO - Exp name: fcn_linear_coco-stuff164k_vissl_sc_exp27_ep12_max.py
2021-11-11 00:11:31,409 - mmseg - INFO - Iter [12000/12000]	lr: 1.021e-04, eta: 0:00:00, time: 0.751, data_time: 0.080, memory: 37980, decode.loss_seg: 0.8295, decode.acc_seg: 73.1552, loss: 0.8295
2021-11-11 00:13:17,105 - mmseg - INFO - per class results:
2021-11-11 00:13:17,107 - mmseg - INFO - 
+---------+-------+-------+
|  Class  |  IoU  |  Acc  |
+---------+-------+-------+
|  class1 |  0.0  |  0.02 |
|  class2 |  0.05 |  0.05 |
|  class3 |  3.08 |  3.1  |
|  class4 | 28.67 | 43.77 |
|  class5 | 19.55 | 23.82 |
|  class6 |  5.17 |  6.21 |
|  class7 |  0.22 |  0.22 |
|  class8 | 41.91 | 57.53 |
|  class9 |  5.98 |  7.15 |
| class10 | 37.78 | 53.95 |
| class11 |  0.21 |  0.21 |
| class12 | 36.34 | 53.95 |
| class13 | 39.92 | 56.49 |
| class14 |  26.7 | 39.65 |
| class15 | 53.02 | 75.45 |
| class16 | 24.82 | 37.44 |
| class17 |  7.36 |  8.77 |
| class18 |  6.74 |  8.69 |
| class19 |  36.1 | 57.45 |
| class20 |  5.91 |  6.38 |
| class21 | 49.07 | 68.62 |
| class22 |  60.5 |  77.2 |
| class23 | 62.79 | 84.21 |
| class24 | 75.68 | 86.97 |
| class25 | 23.47 | 27.63 |
| class26 |  32.3 | 45.01 |
| class27 | 64.74 | 73.95 |
+---------+-------+-------+
2021-11-11 00:13:17,107 - mmseg - INFO - Summary:
2021-11-11 00:13:17,108 - mmseg - INFO - 
+-------+-------+-------+
|  aAcc |  mIoU |  mAcc |
+-------+-------+-------+
| 65.47 | 27.71 | 37.18 |
+-------+-------+-------+
2021-11-11 00:13:17,115 - mmseg - INFO - Exp name: fcn_linear_coco-stuff164k_vissl_sc_exp27_ep12_max.py
2021-11-11 00:13:17,115 - mmseg - INFO - Iter(val) [272]	aAcc: 0.6547, mIoU: 0.2771, mAcc: 0.3718, IoU.class1: 0.0000, IoU.class2: 0.0005, IoU.class3: 0.0308, IoU.class4: 0.2867, IoU.class5: 0.1955, IoU.class6: 0.0517, IoU.class7: 0.0022, IoU.class8: 0.4191, IoU.class9: 0.0598, IoU.class10: 0.3778, IoU.class11: 0.0021, IoU.class12: 0.3634, IoU.class13: 0.3992, IoU.class14: 0.2670, IoU.class15: 0.5302, IoU.class16: 0.2482, IoU.class17: 0.0736, IoU.class18: 0.0674, IoU.class19: 0.3610, IoU.class20: 0.0591, IoU.class21: 0.4907, IoU.class22: 0.6050, IoU.class23: 0.6279, IoU.class24: 0.7568, IoU.class25: 0.2347, IoU.class26: 0.3230, IoU.class27: 0.6474, Acc.class1: 0.0002, Acc.class2: 0.0005, Acc.class3: 0.0310, Acc.class4: 0.4377, Acc.class5: 0.2382, Acc.class6: 0.0621, Acc.class7: 0.0022, Acc.class8: 0.5753, Acc.class9: 0.0715, Acc.class10: 0.5395, Acc.class11: 0.0021, Acc.class12: 0.5395, Acc.class13: 0.5649, Acc.class14: 0.3965, Acc.class15: 0.7545, Acc.class16: 0.3744, Acc.class17: 0.0877, Acc.class18: 0.0869, Acc.class19: 0.5745, Acc.class20: 0.0638, Acc.class21: 0.6862, Acc.class22: 0.7720, Acc.class23: 0.8421, Acc.class24: 0.8697, Acc.class25: 0.2763, Acc.class26: 0.4501, Acc.class27: 0.7395
