2021-11-11 14:31:37,624 - mmseg - INFO - Environment info:
------------------------------------------------------------
sys.platform: linux
Python: 3.8.3 (default, Oct 20 2021, 00:46:09) [GCC 9.3.0]
CUDA available: True
GPU 0,1,2,3,4,5,6,7: RTX A6000
CUDA_HOME: /usr/local/cuda
NVCC: Build cuda_11.0_bu.TC445_37.28845127_0
GCC: gcc (Ubuntu 9.3.0-17ubuntu1~20.04) 9.3.0
PyTorch: 1.9.1+cu111
PyTorch compiling details: PyTorch built with:
  - GCC 7.3
  - C++ Version: 201402
  - Intel(R) Math Kernel Library Version 2020.0.0 Product Build 20191122 for Intel(R) 64 architecture applications
  - Intel(R) MKL-DNN v2.1.2 (Git Hash 98be7e8afa711dc9b66c8ff3504129cb82013cdb)
  - OpenMP 201511 (a.k.a. OpenMP 4.5)
  - NNPACK is enabled
  - CPU capability usage: AVX2
  - CUDA Runtime 11.1
  - NVCC architecture flags: -gencode;arch=compute_37,code=sm_37;-gencode;arch=compute_50,code=sm_50;-gencode;arch=compute_60,code=sm_60;-gencode;arch=compute_70,code=sm_70;-gencode;arch=compute_75,code=sm_75;-gencode;arch=compute_80,code=sm_80;-gencode;arch=compute_86,code=sm_86
  - CuDNN 8.0.5
  - Magma 2.5.2
  - Build settings: BLAS_INFO=mkl, BUILD_TYPE=Release, CUDA_VERSION=11.1, CUDNN_VERSION=8.0.5, CXX_COMPILER=/opt/rh/devtoolset-7/root/usr/bin/c++, CXX_FLAGS= -Wno-deprecated -fvisibility-inlines-hidden -DUSE_PTHREADPOOL -fopenmp -DNDEBUG -DUSE_KINETO -DUSE_FBGEMM -DUSE_QNNPACK -DUSE_PYTORCH_QNNPACK -DUSE_XNNPACK -DSYMBOLICATE_MOBILE_DEBUG_HANDLE -O2 -fPIC -Wno-narrowing -Wall -Wextra -Werror=return-type -Wno-missing-field-initializers -Wno-type-limits -Wno-array-bounds -Wno-unknown-pragmas -Wno-sign-compare -Wno-unused-parameter -Wno-unused-variable -Wno-unused-function -Wno-unused-result -Wno-unused-local-typedefs -Wno-strict-overflow -Wno-strict-aliasing -Wno-error=deprecated-declarations -Wno-stringop-overflow -Wno-psabi -Wno-error=pedantic -Wno-error=redundant-decls -Wno-error=old-style-cast -fdiagnostics-color=always -faligned-new -Wno-unused-but-set-variable -Wno-maybe-uninitialized -fno-math-errno -fno-trapping-math -Werror=format -Wno-stringop-overflow, LAPACK_INFO=mkl, PERF_WITH_AVX=1, PERF_WITH_AVX2=1, PERF_WITH_AVX512=1, TORCH_VERSION=1.9.1, USE_CUDA=ON, USE_CUDNN=ON, USE_EXCEPTION_PTR=1, USE_GFLAGS=OFF, USE_GLOG=OFF, USE_MKL=ON, USE_MKLDNN=ON, USE_MPI=OFF, USE_NCCL=ON, USE_NNPACK=ON, USE_OPENMP=ON, 

TorchVision: 0.10.1+cu111
OpenCV: 4.5.3
MMCV: 1.3.15
MMCV Compiler: GCC 7.3
MMCV CUDA Compiler: 11.1
MMSegmentation: 0.17.0+c5bbbf6
------------------------------------------------------------

2021-11-11 14:31:37,625 - mmseg - INFO - Distributed training: True
2021-11-11 14:31:37,765 - mmseg - INFO - Config:
norm_cfg = dict(type='SyncBN', requires_grad=True)
model = dict(
    type='EncoderDecoderVISSLFCN',
    decode_head=dict(
        type='FCNHead',
        in_channels=128,
        in_index=0,
        channels=250,
        num_convs=1,
        kernel_size=1,
        concat_input=False,
        dropout_ratio=0.0,
        num_classes=27,
        norm_cfg=dict(type='SyncBN', requires_grad=True),
        align_corners=False,
        act_cfg=None,
        loss_decode=dict(
            type='CrossEntropyLoss', use_sigmoid=False, loss_weight=1.0)),
    train_cfg=dict(),
    test_cfg=dict(mode='whole'),
    vissl_params=dict(
        vissl_dir='/home/r_karlsson/workspace6/vissl',
        config_path='sc_exp31/dense_swav_8node_resnet_road_exp31.yaml',
        checkpoint_path='sc_exp31/model_final_checkpoint_phase1.torch',
        output_type='trunk',
        default_config_path='vissl/config/defaults.yaml'))
dataset_type = 'CityscapesDataset'
data_root = 'data/cityscapes/'
img_norm_cfg = dict(
    mean=[123.675, 116.28, 103.53], std=[58.395, 57.12, 57.375], to_rgb=True)
train_pipeline = [
    dict(type='LoadImageFromFile'),
    dict(type='LoadAnnotations'),
    dict(type='RandomFlip', prob=0.5),
    dict(type='PhotoMetricDistortion'),
    dict(
        type='Normalize',
        mean=[123.675, 116.28, 103.53],
        std=[58.395, 57.12, 57.375],
        to_rgb=True),
    dict(type='DefaultFormatBundle'),
    dict(type='Collect', keys=['img', 'gt_semantic_seg'])
]
test_pipeline = [
    dict(type='LoadImageFromFile'),
    dict(
        type='MultiScaleFlipAug',
        img_scale=(2048, 1024),
        flip=False,
        transforms=[
            dict(type='Resize', keep_ratio=True),
            dict(type='RandomFlip'),
            dict(
                type='Normalize',
                mean=[123.675, 116.28, 103.53],
                std=[58.395, 57.12, 57.375],
                to_rgb=True),
            dict(type='ImageToTensor', keys=['img']),
            dict(type='Collect', keys=['img'])
        ])
]
data = dict(
    samples_per_gpu=4,
    workers_per_gpu=4,
    train=dict(
        type='CityscapesDataset',
        data_root='data/cityscapes/',
        img_dir='leftImg8bit/train',
        ann_dir='gtFine/train',
        pipeline=[
            dict(type='LoadImageFromFile'),
            dict(type='LoadAnnotations'),
            dict(type='RandomFlip', prob=0.5),
            dict(type='PhotoMetricDistortion'),
            dict(
                type='Normalize',
                mean=[123.675, 116.28, 103.53],
                std=[58.395, 57.12, 57.375],
                to_rgb=True),
            dict(type='DefaultFormatBundle'),
            dict(type='Collect', keys=['img', 'gt_semantic_seg'])
        ]),
    val=dict(
        type='CityscapesDataset',
        data_root='data/cityscapes/',
        img_dir='leftImg8bit/val',
        ann_dir='gtFine/val',
        pipeline=[
            dict(type='LoadImageFromFile'),
            dict(
                type='MultiScaleFlipAug',
                img_scale=(2048, 1024),
                flip=False,
                transforms=[
                    dict(type='Resize', keep_ratio=True),
                    dict(type='RandomFlip'),
                    dict(
                        type='Normalize',
                        mean=[123.675, 116.28, 103.53],
                        std=[58.395, 57.12, 57.375],
                        to_rgb=True),
                    dict(type='ImageToTensor', keys=['img']),
                    dict(type='Collect', keys=['img'])
                ])
        ]),
    test=dict(
        type='CityscapesDataset',
        data_root='data/cityscapes/',
        img_dir='leftImg8bit/val',
        ann_dir='gtFine/val',
        pipeline=[
            dict(type='LoadImageFromFile'),
            dict(
                type='MultiScaleFlipAug',
                img_scale=(2048, 1024),
                flip=False,
                transforms=[
                    dict(type='Resize', keep_ratio=True),
                    dict(type='RandomFlip'),
                    dict(
                        type='Normalize',
                        mean=[123.675, 116.28, 103.53],
                        std=[58.395, 57.12, 57.375],
                        to_rgb=True),
                    dict(type='ImageToTensor', keys=['img']),
                    dict(type='Collect', keys=['img'])
                ])
        ]))
log_config = dict(
    interval=50, hooks=[dict(type='TextLoggerHook', by_epoch=False)])
dist_params = dict(backend='nccl')
log_level = 'INFO'
load_from = None
resume_from = None
workflow = [('train', 1)]
cudnn_benchmark = True
optimizer = dict(type='SGD', lr=0.01, momentum=0.9, weight_decay=0.0005)
optimizer_config = dict()
lr_config = dict(policy='poly', power=0.9, min_lr=0.0001, by_epoch=False)
runner = dict(type='IterBasedRunner', max_iters=12000)
checkpoint_config = dict(by_epoch=False, interval=12000)
evaluation = dict(interval=3000, metric='mIoU', pre_eval=True)
work_dir = 'fcn_linear_cityscapes_vissl_sc_exp31_ep2_max'
gpu_ids = range(0, 8)

2021-11-11 14:31:45,754 - mmseg - INFO - initialize FCNHead with init_cfg {'type': 'Normal', 'std': 0.01, 'override': {'name': 'conv_seg'}}
Name of parameter - Initialization information

decode_head.conv_seg.weight - torch.Size([27, 250, 1, 1]): 
NormalInit: mean=0, std=0.01, bias=0 

decode_head.conv_seg.bias - torch.Size([27]): 
NormalInit: mean=0, std=0.01, bias=0 

decode_head.convs.0.conv.weight - torch.Size([250, 128, 1, 1]): 
The value is the same before and after calling `init_weights` of EncoderDecoderVISSLFCN  

decode_head.convs.0.bn.weight - torch.Size([250]): 
The value is the same before and after calling `init_weights` of EncoderDecoderVISSLFCN  

decode_head.convs.0.bn.bias - torch.Size([250]): 
The value is the same before and after calling `init_weights` of EncoderDecoderVISSLFCN  
2021-11-11 14:31:45,755 - mmseg - INFO - EncoderDecoderVISSLFCN(
  (decode_head): FCNHead(
    input_transform=None, ignore_index=255, align_corners=False
    (loss_decode): CrossEntropyLoss()
    (conv_seg): Conv2d(250, 27, kernel_size=(1, 1), stride=(1, 1))
    (convs): Sequential(
      (0): ConvModule(
        (conv): Conv2d(128, 250, kernel_size=(1, 1), stride=(1, 1), bias=False)
        (bn): SyncBatchNorm(250, eps=1e-05, momentum=0.1, affine=True, track_running_stats=True)
      )
    )
  )
  init_cfg={'type': 'Normal', 'std': 0.01, 'override': {'name': 'conv_seg'}}
  (identity): Identity()
)
2021-11-11 14:31:45,813 - mmseg - INFO - Loaded 2975 images
2021-11-11 14:31:47,649 - mmseg - INFO - Loaded 500 images
2021-11-11 14:31:47,649 - mmseg - INFO - Start running, host: r_karlsson@tuatara.sp.m.is.nagoya-u.ac.jp, work_dir: /work6/r_karlsson/mmsegmentation/fcn_linear_cityscapes_vissl_sc_exp31_ep2_max
2021-11-11 14:31:47,649 - mmseg - INFO - Hooks will be executed in the following order:
before_run:
(VERY_HIGH   ) PolyLrUpdaterHook                  
(NORMAL      ) CheckpointHook                     
(LOW         ) DistEvalHook                       
(VERY_LOW    ) TextLoggerHook                     
 -------------------- 
before_train_epoch:
(VERY_HIGH   ) PolyLrUpdaterHook                  
(LOW         ) IterTimerHook                      
(LOW         ) DistEvalHook                       
(VERY_LOW    ) TextLoggerHook                     
 -------------------- 
before_train_iter:
(VERY_HIGH   ) PolyLrUpdaterHook                  
(LOW         ) IterTimerHook                      
(LOW         ) DistEvalHook                       
 -------------------- 
after_train_iter:
(ABOVE_NORMAL) OptimizerHook                      
(NORMAL      ) CheckpointHook                     
(LOW         ) IterTimerHook                      
(LOW         ) DistEvalHook                       
(VERY_LOW    ) TextLoggerHook                     
 -------------------- 
after_train_epoch:
(NORMAL      ) CheckpointHook                     
(LOW         ) DistEvalHook                       
(VERY_LOW    ) TextLoggerHook                     
 -------------------- 
before_val_epoch:
(LOW         ) IterTimerHook                      
(VERY_LOW    ) TextLoggerHook                     
 -------------------- 
before_val_iter:
(LOW         ) IterTimerHook                      
 -------------------- 
after_val_iter:
(LOW         ) IterTimerHook                      
 -------------------- 
after_val_epoch:
(VERY_LOW    ) TextLoggerHook                     
 -------------------- 
2021-11-11 14:31:47,650 - mmseg - INFO - workflow: [('train', 1)], max: 12000 iters
2021-11-11 14:32:56,433 - mmseg - INFO - Iter [50/12000]	lr: 9.964e-03, eta: 3:33:23, time: 1.071, data_time: 0.115, memory: 37088, decode.loss_seg: 0.8597, decode.acc_seg: 69.3555, loss: 0.8597
2021-11-11 14:33:41,043 - mmseg - INFO - Iter [100/12000]	lr: 9.926e-03, eta: 3:14:42, time: 0.892, data_time: 0.113, memory: 37088, decode.loss_seg: 0.5157, decode.acc_seg: 74.4653, loss: 0.5157
2021-11-11 14:34:24,586 - mmseg - INFO - Iter [150/12000]	lr: 9.889e-03, eta: 3:06:35, time: 0.871, data_time: 0.085, memory: 37088, decode.loss_seg: 0.5021, decode.acc_seg: 74.4337, loss: 0.5021
2021-11-11 14:35:09,290 - mmseg - INFO - Iter [200/12000]	lr: 9.852e-03, eta: 3:03:19, time: 0.894, data_time: 0.106, memory: 37088, decode.loss_seg: 0.4936, decode.acc_seg: 74.2517, loss: 0.4936
2021-11-11 14:35:53,023 - mmseg - INFO - Iter [250/12000]	lr: 9.815e-03, eta: 3:00:17, time: 0.875, data_time: 0.081, memory: 37088, decode.loss_seg: 0.4777, decode.acc_seg: 74.6638, loss: 0.4777
2021-11-11 14:36:37,489 - mmseg - INFO - Iter [300/12000]	lr: 9.778e-03, eta: 2:58:30, time: 0.889, data_time: 0.100, memory: 37088, decode.loss_seg: 0.4735, decode.acc_seg: 74.6294, loss: 0.4735
2021-11-11 14:37:20,483 - mmseg - INFO - Iter [350/12000]	lr: 9.740e-03, eta: 2:56:12, time: 0.860, data_time: 0.083, memory: 37088, decode.loss_seg: 0.4633, decode.acc_seg: 75.0152, loss: 0.4633
2021-11-11 14:38:04,410 - mmseg - INFO - Iter [400/12000]	lr: 9.703e-03, eta: 2:54:44, time: 0.879, data_time: 0.109, memory: 37088, decode.loss_seg: 0.4651, decode.acc_seg: 74.7909, loss: 0.4651
2021-11-11 14:38:47,068 - mmseg - INFO - Iter [450/12000]	lr: 9.666e-03, eta: 2:52:54, time: 0.853, data_time: 0.081, memory: 37088, decode.loss_seg: 0.4607, decode.acc_seg: 75.0196, loss: 0.4607
2021-11-11 14:39:30,746 - mmseg - INFO - Iter [500/12000]	lr: 9.629e-03, eta: 2:51:41, time: 0.874, data_time: 0.097, memory: 37088, decode.loss_seg: 0.4606, decode.acc_seg: 74.9414, loss: 0.4606
2021-11-11 14:40:13,535 - mmseg - INFO - Iter [550/12000]	lr: 9.591e-03, eta: 2:50:14, time: 0.856, data_time: 0.082, memory: 37088, decode.loss_seg: 0.4539, decode.acc_seg: 75.1886, loss: 0.4539
2021-11-11 14:40:57,215 - mmseg - INFO - Iter [600/12000]	lr: 9.554e-03, eta: 2:49:12, time: 0.874, data_time: 0.101, memory: 37088, decode.loss_seg: 0.4532, decode.acc_seg: 75.0411, loss: 0.4532
2021-11-11 14:41:40,006 - mmseg - INFO - Iter [650/12000]	lr: 9.517e-03, eta: 2:47:57, time: 0.856, data_time: 0.081, memory: 37088, decode.loss_seg: 0.4532, decode.acc_seg: 75.0256, loss: 0.4532
2021-11-11 14:42:23,639 - mmseg - INFO - Iter [700/12000]	lr: 9.479e-03, eta: 2:47:01, time: 0.873, data_time: 0.102, memory: 37088, decode.loss_seg: 0.4502, decode.acc_seg: 75.3352, loss: 0.4502
2021-11-11 14:43:07,447 - mmseg - INFO - Iter [750/12000]	lr: 9.442e-03, eta: 2:46:08, time: 0.876, data_time: 0.101, memory: 37088, decode.loss_seg: 0.4445, decode.acc_seg: 75.0858, loss: 0.4445
2021-11-11 14:43:50,144 - mmseg - INFO - Iter [800/12000]	lr: 9.405e-03, eta: 2:45:01, time: 0.854, data_time: 0.080, memory: 37088, decode.loss_seg: 0.4434, decode.acc_seg: 75.3599, loss: 0.4434
2021-11-11 14:44:33,948 - mmseg - INFO - Iter [850/12000]	lr: 9.367e-03, eta: 2:44:12, time: 0.876, data_time: 0.102, memory: 37088, decode.loss_seg: 0.4476, decode.acc_seg: 75.3257, loss: 0.4476
2021-11-11 14:45:16,726 - mmseg - INFO - Iter [900/12000]	lr: 9.330e-03, eta: 2:43:10, time: 0.856, data_time: 0.082, memory: 37088, decode.loss_seg: 0.4409, decode.acc_seg: 75.0472, loss: 0.4409
2021-11-11 14:46:00,427 - mmseg - INFO - Iter [950/12000]	lr: 9.292e-03, eta: 2:42:22, time: 0.874, data_time: 0.096, memory: 37088, decode.loss_seg: 0.4379, decode.acc_seg: 75.4655, loss: 0.4379
2021-11-11 14:46:43,080 - mmseg - INFO - Exp name: fcn_linear_cityscapes_vissl_sc_exp31_ep2_max.py
2021-11-11 14:46:43,081 - mmseg - INFO - Iter [1000/12000]	lr: 9.255e-03, eta: 2:41:22, time: 0.853, data_time: 0.084, memory: 37088, decode.loss_seg: 0.4456, decode.acc_seg: 75.1507, loss: 0.4456
2021-11-11 14:47:26,651 - mmseg - INFO - Iter [1050/12000]	lr: 9.218e-03, eta: 2:40:33, time: 0.871, data_time: 0.099, memory: 37088, decode.loss_seg: 0.4355, decode.acc_seg: 75.7393, loss: 0.4355
2021-11-11 14:48:09,417 - mmseg - INFO - Iter [1100/12000]	lr: 9.180e-03, eta: 2:39:37, time: 0.855, data_time: 0.080, memory: 37088, decode.loss_seg: 0.4370, decode.acc_seg: 75.3714, loss: 0.4370
2021-11-11 14:48:53,261 - mmseg - INFO - Iter [1150/12000]	lr: 9.143e-03, eta: 2:38:52, time: 0.877, data_time: 0.102, memory: 37088, decode.loss_seg: 0.4401, decode.acc_seg: 75.0479, loss: 0.4401
2021-11-11 14:49:36,136 - mmseg - INFO - Iter [1200/12000]	lr: 9.105e-03, eta: 2:37:59, time: 0.857, data_time: 0.081, memory: 37088, decode.loss_seg: 0.4355, decode.acc_seg: 75.3940, loss: 0.4355
2021-11-11 14:50:19,954 - mmseg - INFO - Iter [1250/12000]	lr: 9.068e-03, eta: 2:37:14, time: 0.876, data_time: 0.101, memory: 37088, decode.loss_seg: 0.4315, decode.acc_seg: 75.7084, loss: 0.4315
2021-11-11 14:51:02,657 - mmseg - INFO - Iter [1300/12000]	lr: 9.030e-03, eta: 2:36:21, time: 0.854, data_time: 0.082, memory: 37088, decode.loss_seg: 0.4378, decode.acc_seg: 75.2784, loss: 0.4378
2021-11-11 14:51:46,247 - mmseg - INFO - Iter [1350/12000]	lr: 8.992e-03, eta: 2:35:35, time: 0.872, data_time: 0.103, memory: 37088, decode.loss_seg: 0.4296, decode.acc_seg: 75.6935, loss: 0.4296
2021-11-11 14:52:29,867 - mmseg - INFO - Iter [1400/12000]	lr: 8.955e-03, eta: 2:34:50, time: 0.872, data_time: 0.099, memory: 37088, decode.loss_seg: 0.4354, decode.acc_seg: 75.3665, loss: 0.4354
2021-11-11 14:53:12,662 - mmseg - INFO - Iter [1450/12000]	lr: 8.917e-03, eta: 2:33:58, time: 0.856, data_time: 0.081, memory: 37088, decode.loss_seg: 0.4291, decode.acc_seg: 75.6876, loss: 0.4291
2021-11-11 14:53:56,478 - mmseg - INFO - Iter [1500/12000]	lr: 8.880e-03, eta: 2:33:15, time: 0.876, data_time: 0.103, memory: 37088, decode.loss_seg: 0.4360, decode.acc_seg: 75.1906, loss: 0.4360
2021-11-11 14:54:39,241 - mmseg - INFO - Iter [1550/12000]	lr: 8.842e-03, eta: 2:32:24, time: 0.855, data_time: 0.082, memory: 37088, decode.loss_seg: 0.4340, decode.acc_seg: 75.5188, loss: 0.4340
2021-11-11 14:55:22,861 - mmseg - INFO - Iter [1600/12000]	lr: 8.804e-03, eta: 2:31:39, time: 0.872, data_time: 0.096, memory: 37088, decode.loss_seg: 0.4296, decode.acc_seg: 75.4988, loss: 0.4296
2021-11-11 14:56:05,518 - mmseg - INFO - Iter [1650/12000]	lr: 8.767e-03, eta: 2:30:49, time: 0.853, data_time: 0.080, memory: 37088, decode.loss_seg: 0.4317, decode.acc_seg: 75.6098, loss: 0.4317
2021-11-11 14:56:49,153 - mmseg - INFO - Iter [1700/12000]	lr: 8.729e-03, eta: 2:30:05, time: 0.873, data_time: 0.103, memory: 37088, decode.loss_seg: 0.4277, decode.acc_seg: 75.7487, loss: 0.4277
2021-11-11 14:57:31,960 - mmseg - INFO - Iter [1750/12000]	lr: 8.691e-03, eta: 2:29:16, time: 0.856, data_time: 0.079, memory: 37088, decode.loss_seg: 0.4315, decode.acc_seg: 75.3188, loss: 0.4315
2021-11-11 14:58:15,731 - mmseg - INFO - Iter [1800/12000]	lr: 8.654e-03, eta: 2:28:32, time: 0.875, data_time: 0.100, memory: 37088, decode.loss_seg: 0.4297, decode.acc_seg: 75.3830, loss: 0.4297
2021-11-11 14:58:58,584 - mmseg - INFO - Iter [1850/12000]	lr: 8.616e-03, eta: 2:27:44, time: 0.857, data_time: 0.078, memory: 37088, decode.loss_seg: 0.4244, decode.acc_seg: 75.8017, loss: 0.4244
2021-11-11 14:59:42,195 - mmseg - INFO - Iter [1900/12000]	lr: 8.578e-03, eta: 2:27:00, time: 0.872, data_time: 0.094, memory: 37088, decode.loss_seg: 0.4235, decode.acc_seg: 75.7156, loss: 0.4235
2021-11-11 15:00:24,925 - mmseg - INFO - Iter [1950/12000]	lr: 8.540e-03, eta: 2:26:12, time: 0.855, data_time: 0.078, memory: 37088, decode.loss_seg: 0.4349, decode.acc_seg: 75.3737, loss: 0.4349
2021-11-11 15:01:08,489 - mmseg - INFO - Exp name: fcn_linear_cityscapes_vissl_sc_exp31_ep2_max.py
2021-11-11 15:01:08,489 - mmseg - INFO - Iter [2000/12000]	lr: 8.503e-03, eta: 2:25:28, time: 0.871, data_time: 0.100, memory: 37088, decode.loss_seg: 0.4270, decode.acc_seg: 75.5156, loss: 0.4270
2021-11-11 15:01:52,287 - mmseg - INFO - Iter [2050/12000]	lr: 8.465e-03, eta: 2:24:45, time: 0.876, data_time: 0.098, memory: 37088, decode.loss_seg: 0.4278, decode.acc_seg: 75.6662, loss: 0.4278
2021-11-11 15:02:35,053 - mmseg - INFO - Iter [2100/12000]	lr: 8.427e-03, eta: 2:23:57, time: 0.855, data_time: 0.078, memory: 37088, decode.loss_seg: 0.4251, decode.acc_seg: 75.5418, loss: 0.4251
2021-11-11 15:03:18,868 - mmseg - INFO - Iter [2150/12000]	lr: 8.389e-03, eta: 2:23:14, time: 0.876, data_time: 0.094, memory: 37088, decode.loss_seg: 0.4339, decode.acc_seg: 75.3765, loss: 0.4339
2021-11-11 15:04:01,603 - mmseg - INFO - Iter [2200/12000]	lr: 8.351e-03, eta: 2:22:27, time: 0.855, data_time: 0.083, memory: 37088, decode.loss_seg: 0.4202, decode.acc_seg: 75.8952, loss: 0.4202
2021-11-11 15:04:45,239 - mmseg - INFO - Iter [2250/12000]	lr: 8.313e-03, eta: 2:21:43, time: 0.873, data_time: 0.095, memory: 37088, decode.loss_seg: 0.4268, decode.acc_seg: 75.9984, loss: 0.4268
2021-11-11 15:05:28,032 - mmseg - INFO - Iter [2300/12000]	lr: 8.275e-03, eta: 2:20:56, time: 0.856, data_time: 0.083, memory: 37088, decode.loss_seg: 0.4217, decode.acc_seg: 75.6120, loss: 0.4217
2021-11-11 15:06:11,819 - mmseg - INFO - Iter [2350/12000]	lr: 8.237e-03, eta: 2:20:13, time: 0.876, data_time: 0.101, memory: 37088, decode.loss_seg: 0.4258, decode.acc_seg: 75.3862, loss: 0.4258
2021-11-11 15:06:54,622 - mmseg - INFO - Iter [2400/12000]	lr: 8.199e-03, eta: 2:19:27, time: 0.856, data_time: 0.078, memory: 37088, decode.loss_seg: 0.4227, decode.acc_seg: 75.7650, loss: 0.4227
2021-11-11 15:07:38,362 - mmseg - INFO - Iter [2450/12000]	lr: 8.162e-03, eta: 2:18:44, time: 0.875, data_time: 0.102, memory: 37088, decode.loss_seg: 0.4181, decode.acc_seg: 75.4916, loss: 0.4181
2021-11-11 15:08:21,048 - mmseg - INFO - Iter [2500/12000]	lr: 8.124e-03, eta: 2:17:57, time: 0.854, data_time: 0.081, memory: 37088, decode.loss_seg: 0.4241, decode.acc_seg: 75.7787, loss: 0.4241
2021-11-11 15:09:04,705 - mmseg - INFO - Iter [2550/12000]	lr: 8.085e-03, eta: 2:17:13, time: 0.873, data_time: 0.093, memory: 37088, decode.loss_seg: 0.4223, decode.acc_seg: 75.9728, loss: 0.4223
2021-11-11 15:09:47,458 - mmseg - INFO - Iter [2600/12000]	lr: 8.047e-03, eta: 2:16:27, time: 0.855, data_time: 0.078, memory: 37088, decode.loss_seg: 0.4271, decode.acc_seg: 75.5732, loss: 0.4271
2021-11-11 15:10:31,139 - mmseg - INFO - Iter [2650/12000]	lr: 8.009e-03, eta: 2:15:44, time: 0.874, data_time: 0.099, memory: 37088, decode.loss_seg: 0.4205, decode.acc_seg: 75.8079, loss: 0.4205
2021-11-11 15:11:14,961 - mmseg - INFO - Iter [2700/12000]	lr: 7.971e-03, eta: 2:15:01, time: 0.876, data_time: 0.092, memory: 37088, decode.loss_seg: 0.4257, decode.acc_seg: 75.6074, loss: 0.4257
2021-11-11 15:11:57,607 - mmseg - INFO - Iter [2750/12000]	lr: 7.933e-03, eta: 2:14:15, time: 0.853, data_time: 0.079, memory: 37088, decode.loss_seg: 0.4238, decode.acc_seg: 75.6292, loss: 0.4238
2021-11-11 15:12:41,184 - mmseg - INFO - Iter [2800/12000]	lr: 7.895e-03, eta: 2:13:31, time: 0.872, data_time: 0.097, memory: 37088, decode.loss_seg: 0.4229, decode.acc_seg: 75.7339, loss: 0.4229
2021-11-11 15:13:23,888 - mmseg - INFO - Iter [2850/12000]	lr: 7.857e-03, eta: 2:12:45, time: 0.854, data_time: 0.084, memory: 37088, decode.loss_seg: 0.4166, decode.acc_seg: 75.7050, loss: 0.4166
2021-11-11 15:14:07,630 - mmseg - INFO - Iter [2900/12000]	lr: 7.819e-03, eta: 2:12:02, time: 0.875, data_time: 0.092, memory: 37088, decode.loss_seg: 0.4246, decode.acc_seg: 75.6593, loss: 0.4246
2021-11-11 15:14:50,436 - mmseg - INFO - Iter [2950/12000]	lr: 7.781e-03, eta: 2:11:16, time: 0.856, data_time: 0.082, memory: 37088, decode.loss_seg: 0.4190, decode.acc_seg: 75.7853, loss: 0.4190
2021-11-11 15:15:34,187 - mmseg - INFO - Exp name: fcn_linear_cityscapes_vissl_sc_exp31_ep2_max.py
2021-11-11 15:15:34,187 - mmseg - INFO - Iter [3000/12000]	lr: 7.742e-03, eta: 2:10:33, time: 0.875, data_time: 0.103, memory: 37088, decode.loss_seg: 0.4233, decode.acc_seg: 75.8718, loss: 0.4233
2021-11-11 15:16:21,711 - mmseg - INFO - per class results:
2021-11-11 15:16:21,712 - mmseg - INFO - 
+---------------+-------+-------+
|     Class     |  IoU  |  Acc  |
+---------------+-------+-------+
|      road     | 89.86 | 94.98 |
|    sidewalk   | 45.02 | 64.16 |
|    building   | 76.82 | 92.48 |
|      wall     |  7.0  |  7.58 |
|     fence     |  9.23 | 11.62 |
|      pole     |  0.07 |  0.07 |
| traffic light |  0.0  |  0.0  |
|  traffic sign |  0.03 |  0.03 |
|   vegetation  | 79.74 | 90.84 |
|    terrain    | 28.48 | 43.78 |
|      sky      | 81.16 | 87.43 |
|     person    | 24.58 | 38.68 |
|     rider     |  0.0  |  0.0  |
|      car      | 71.62 | 90.86 |
|     truck     |  0.01 |  0.01 |
|      bus      |  1.88 |  1.96 |
|     train     |  0.0  |  0.0  |
|   motorcycle  |  0.0  |  0.0  |
|    bicycle    |  7.85 |  8.09 |
+---------------+-------+-------+
2021-11-11 15:16:21,712 - mmseg - INFO - Summary:
2021-11-11 15:16:21,713 - mmseg - INFO - 
+-------+-------+-------+
|  aAcc |  mIoU |  mAcc |
+-------+-------+-------+
| 85.17 | 27.55 | 33.29 |
+-------+-------+-------+
2021-11-11 15:16:21,714 - mmseg - INFO - Exp name: fcn_linear_cityscapes_vissl_sc_exp31_ep2_max.py
2021-11-11 15:16:21,714 - mmseg - INFO - Iter(val) [63]	aAcc: 0.8517, mIoU: 0.2755, mAcc: 0.3329, IoU.road: 0.8986, IoU.sidewalk: 0.4502, IoU.building: 0.7682, IoU.wall: 0.0700, IoU.fence: 0.0923, IoU.pole: 0.0007, IoU.traffic light: 0.0000, IoU.traffic sign: 0.0003, IoU.vegetation: 0.7974, IoU.terrain: 0.2848, IoU.sky: 0.8116, IoU.person: 0.2458, IoU.rider: 0.0000, IoU.car: 0.7162, IoU.truck: 0.0001, IoU.bus: 0.0188, IoU.train: 0.0000, IoU.motorcycle: 0.0000, IoU.bicycle: 0.0785, Acc.road: 0.9498, Acc.sidewalk: 0.6416, Acc.building: 0.9248, Acc.wall: 0.0758, Acc.fence: 0.1162, Acc.pole: 0.0007, Acc.traffic light: 0.0000, Acc.traffic sign: 0.0003, Acc.vegetation: 0.9084, Acc.terrain: 0.4378, Acc.sky: 0.8743, Acc.person: 0.3868, Acc.rider: 0.0000, Acc.car: 0.9086, Acc.truck: 0.0001, Acc.bus: 0.0196, Acc.train: 0.0000, Acc.motorcycle: 0.0000, Acc.bicycle: 0.0809
2021-11-11 15:17:04,488 - mmseg - INFO - Iter [3050/12000]	lr: 7.704e-03, eta: 2:12:07, time: 1.806, data_time: 1.027, memory: 37088, decode.loss_seg: 0.4171, decode.acc_seg: 75.8341, loss: 0.4171
2021-11-11 15:17:48,867 - mmseg - INFO - Iter [3100/12000]	lr: 7.666e-03, eta: 2:11:23, time: 0.888, data_time: 0.097, memory: 37088, decode.loss_seg: 0.4207, decode.acc_seg: 75.7276, loss: 0.4207
2021-11-11 15:18:32,505 - mmseg - INFO - Iter [3150/12000]	lr: 7.628e-03, eta: 2:10:37, time: 0.873, data_time: 0.077, memory: 37088, decode.loss_seg: 0.4202, decode.acc_seg: 75.5827, loss: 0.4202
2021-11-11 15:19:17,148 - mmseg - INFO - Iter [3200/12000]	lr: 7.589e-03, eta: 2:09:54, time: 0.893, data_time: 0.095, memory: 37088, decode.loss_seg: 0.4223, decode.acc_seg: 75.7797, loss: 0.4223
2021-11-11 15:20:00,782 - mmseg - INFO - Iter [3250/12000]	lr: 7.551e-03, eta: 2:09:08, time: 0.873, data_time: 0.075, memory: 37088, decode.loss_seg: 0.4206, decode.acc_seg: 75.6287, loss: 0.4206
2021-11-11 15:20:44,678 - mmseg - INFO - Iter [3300/12000]	lr: 7.513e-03, eta: 2:08:22, time: 0.878, data_time: 0.098, memory: 37088, decode.loss_seg: 0.4206, decode.acc_seg: 75.9508, loss: 0.4206
2021-11-11 15:21:28,448 - mmseg - INFO - Iter [3350/12000]	lr: 7.474e-03, eta: 2:07:37, time: 0.875, data_time: 0.098, memory: 37088, decode.loss_seg: 0.4184, decode.acc_seg: 75.7138, loss: 0.4184
2021-11-11 15:22:11,089 - mmseg - INFO - Iter [3400/12000]	lr: 7.436e-03, eta: 2:06:49, time: 0.853, data_time: 0.077, memory: 37088, decode.loss_seg: 0.4240, decode.acc_seg: 75.6297, loss: 0.4240
2021-11-11 15:22:54,787 - mmseg - INFO - Iter [3450/12000]	lr: 7.398e-03, eta: 2:06:03, time: 0.874, data_time: 0.095, memory: 37088, decode.loss_seg: 0.4128, decode.acc_seg: 75.8987, loss: 0.4128
2021-11-11 15:23:37,370 - mmseg - INFO - Iter [3500/12000]	lr: 7.359e-03, eta: 2:05:15, time: 0.852, data_time: 0.077, memory: 37088, decode.loss_seg: 0.4149, decode.acc_seg: 75.9011, loss: 0.4149
2021-11-11 15:24:21,099 - mmseg - INFO - Iter [3550/12000]	lr: 7.321e-03, eta: 2:04:29, time: 0.875, data_time: 0.095, memory: 37088, decode.loss_seg: 0.4219, decode.acc_seg: 75.7325, loss: 0.4219
2021-11-11 15:25:03,762 - mmseg - INFO - Iter [3600/12000]	lr: 7.282e-03, eta: 2:03:42, time: 0.853, data_time: 0.077, memory: 37088, decode.loss_seg: 0.4231, decode.acc_seg: 75.5547, loss: 0.4231
2021-11-11 15:25:47,375 - mmseg - INFO - Iter [3650/12000]	lr: 7.244e-03, eta: 2:02:56, time: 0.872, data_time: 0.093, memory: 37088, decode.loss_seg: 0.4055, decode.acc_seg: 76.1902, loss: 0.4055
2021-11-11 15:26:30,007 - mmseg - INFO - Iter [3700/12000]	lr: 7.205e-03, eta: 2:02:08, time: 0.853, data_time: 0.078, memory: 37088, decode.loss_seg: 0.4194, decode.acc_seg: 75.6981, loss: 0.4194
2021-11-11 15:27:13,516 - mmseg - INFO - Iter [3750/12000]	lr: 7.167e-03, eta: 2:01:23, time: 0.870, data_time: 0.094, memory: 37088, decode.loss_seg: 0.4233, decode.acc_seg: 75.6425, loss: 0.4233
2021-11-11 15:27:56,186 - mmseg - INFO - Iter [3800/12000]	lr: 7.128e-03, eta: 2:00:36, time: 0.853, data_time: 0.077, memory: 37088, decode.loss_seg: 0.4183, decode.acc_seg: 75.9328, loss: 0.4183
2021-11-11 15:28:39,905 - mmseg - INFO - Iter [3850/12000]	lr: 7.090e-03, eta: 1:59:51, time: 0.874, data_time: 0.096, memory: 37088, decode.loss_seg: 0.4101, decode.acc_seg: 76.0987, loss: 0.4101
2021-11-11 15:29:22,630 - mmseg - INFO - Iter [3900/12000]	lr: 7.051e-03, eta: 1:59:04, time: 0.855, data_time: 0.076, memory: 37088, decode.loss_seg: 0.4230, decode.acc_seg: 75.5148, loss: 0.4230
2021-11-11 15:30:06,172 - mmseg - INFO - Iter [3950/12000]	lr: 7.013e-03, eta: 1:58:18, time: 0.871, data_time: 0.094, memory: 37088, decode.loss_seg: 0.4177, decode.acc_seg: 75.9000, loss: 0.4177
2021-11-11 15:30:49,887 - mmseg - INFO - Exp name: fcn_linear_cityscapes_vissl_sc_exp31_ep2_max.py
2021-11-11 15:30:49,887 - mmseg - INFO - Iter [4000/12000]	lr: 6.974e-03, eta: 1:57:34, time: 0.874, data_time: 0.095, memory: 37088, decode.loss_seg: 0.4135, decode.acc_seg: 75.8045, loss: 0.4135
2021-11-11 15:31:32,549 - mmseg - INFO - Iter [4050/12000]	lr: 6.935e-03, eta: 1:56:47, time: 0.853, data_time: 0.075, memory: 37088, decode.loss_seg: 0.4192, decode.acc_seg: 75.8532, loss: 0.4192
2021-11-11 15:32:16,252 - mmseg - INFO - Iter [4100/12000]	lr: 6.897e-03, eta: 1:56:02, time: 0.874, data_time: 0.092, memory: 37088, decode.loss_seg: 0.4141, decode.acc_seg: 75.7904, loss: 0.4141
2021-11-11 15:32:58,993 - mmseg - INFO - Iter [4150/12000]	lr: 6.858e-03, eta: 1:55:15, time: 0.855, data_time: 0.074, memory: 37088, decode.loss_seg: 0.4186, decode.acc_seg: 75.9550, loss: 0.4186
2021-11-11 15:33:42,680 - mmseg - INFO - Iter [4200/12000]	lr: 6.819e-03, eta: 1:54:31, time: 0.874, data_time: 0.091, memory: 37088, decode.loss_seg: 0.4106, decode.acc_seg: 75.9100, loss: 0.4106
2021-11-11 15:34:25,325 - mmseg - INFO - Iter [4250/12000]	lr: 6.780e-03, eta: 1:53:44, time: 0.853, data_time: 0.072, memory: 37088, decode.loss_seg: 0.4106, decode.acc_seg: 75.9461, loss: 0.4106
2021-11-11 15:35:09,068 - mmseg - INFO - Iter [4300/12000]	lr: 6.741e-03, eta: 1:52:59, time: 0.875, data_time: 0.093, memory: 37088, decode.loss_seg: 0.4269, decode.acc_seg: 75.5626, loss: 0.4269
2021-11-11 15:35:51,801 - mmseg - INFO - Iter [4350/12000]	lr: 6.703e-03, eta: 1:52:13, time: 0.855, data_time: 0.073, memory: 37088, decode.loss_seg: 0.4094, decode.acc_seg: 76.0737, loss: 0.4094
2021-11-11 15:36:35,507 - mmseg - INFO - Iter [4400/12000]	lr: 6.664e-03, eta: 1:51:29, time: 0.874, data_time: 0.099, memory: 37088, decode.loss_seg: 0.4179, decode.acc_seg: 75.8350, loss: 0.4179
2021-11-11 15:37:18,287 - mmseg - INFO - Iter [4450/12000]	lr: 6.625e-03, eta: 1:50:42, time: 0.856, data_time: 0.074, memory: 37088, decode.loss_seg: 0.4171, decode.acc_seg: 75.8225, loss: 0.4171
2021-11-11 15:38:01,893 - mmseg - INFO - Iter [4500/12000]	lr: 6.586e-03, eta: 1:49:58, time: 0.872, data_time: 0.094, memory: 37088, decode.loss_seg: 0.4150, decode.acc_seg: 75.6380, loss: 0.4150
2021-11-11 15:38:44,672 - mmseg - INFO - Iter [4550/12000]	lr: 6.547e-03, eta: 1:49:12, time: 0.856, data_time: 0.072, memory: 37088, decode.loss_seg: 0.4122, decode.acc_seg: 76.0609, loss: 0.4122
2021-11-11 15:39:28,293 - mmseg - INFO - Iter [4600/12000]	lr: 6.508e-03, eta: 1:48:27, time: 0.872, data_time: 0.094, memory: 37088, decode.loss_seg: 0.4184, decode.acc_seg: 75.6406, loss: 0.4184
2021-11-11 15:40:11,073 - mmseg - INFO - Iter [4650/12000]	lr: 6.469e-03, eta: 1:47:41, time: 0.856, data_time: 0.075, memory: 37088, decode.loss_seg: 0.4131, decode.acc_seg: 76.1003, loss: 0.4131
2021-11-11 15:40:54,893 - mmseg - INFO - Iter [4700/12000]	lr: 6.430e-03, eta: 1:46:57, time: 0.876, data_time: 0.093, memory: 37088, decode.loss_seg: 0.4205, decode.acc_seg: 75.8786, loss: 0.4205
2021-11-11 15:41:38,448 - mmseg - INFO - Iter [4750/12000]	lr: 6.391e-03, eta: 1:46:13, time: 0.871, data_time: 0.093, memory: 37088, decode.loss_seg: 0.4065, decode.acc_seg: 76.0061, loss: 0.4065
2021-11-11 15:42:21,070 - mmseg - INFO - Iter [4800/12000]	lr: 6.352e-03, eta: 1:45:27, time: 0.852, data_time: 0.075, memory: 37088, decode.loss_seg: 0.4172, decode.acc_seg: 75.6638, loss: 0.4172
2021-11-11 15:43:04,614 - mmseg - INFO - Iter [4850/12000]	lr: 6.313e-03, eta: 1:44:42, time: 0.871, data_time: 0.091, memory: 37088, decode.loss_seg: 0.4087, decode.acc_seg: 76.1248, loss: 0.4087
2021-11-11 15:43:47,205 - mmseg - INFO - Iter [4900/12000]	lr: 6.274e-03, eta: 1:43:56, time: 0.852, data_time: 0.074, memory: 37088, decode.loss_seg: 0.4160, decode.acc_seg: 75.9079, loss: 0.4160
2021-11-11 15:44:30,651 - mmseg - INFO - Iter [4950/12000]	lr: 6.235e-03, eta: 1:43:12, time: 0.869, data_time: 0.091, memory: 37088, decode.loss_seg: 0.4129, decode.acc_seg: 75.8633, loss: 0.4129
2021-11-11 15:45:13,229 - mmseg - INFO - Exp name: fcn_linear_cityscapes_vissl_sc_exp31_ep2_max.py
2021-11-11 15:45:13,229 - mmseg - INFO - Iter [5000/12000]	lr: 6.196e-03, eta: 1:42:26, time: 0.852, data_time: 0.074, memory: 37088, decode.loss_seg: 0.4142, decode.acc_seg: 75.9328, loss: 0.4142
2021-11-11 15:45:56,681 - mmseg - INFO - Iter [5050/12000]	lr: 6.156e-03, eta: 1:41:41, time: 0.869, data_time: 0.090, memory: 37088, decode.loss_seg: 0.4113, decode.acc_seg: 75.6825, loss: 0.4113
2021-11-11 15:46:39,254 - mmseg - INFO - Iter [5100/12000]	lr: 6.117e-03, eta: 1:40:56, time: 0.851, data_time: 0.078, memory: 37088, decode.loss_seg: 0.4158, decode.acc_seg: 76.1805, loss: 0.4158
2021-11-11 15:47:22,836 - mmseg - INFO - Iter [5150/12000]	lr: 6.078e-03, eta: 1:40:11, time: 0.872, data_time: 0.093, memory: 37088, decode.loss_seg: 0.4111, decode.acc_seg: 75.8512, loss: 0.4111
2021-11-11 15:48:05,419 - mmseg - INFO - Iter [5200/12000]	lr: 6.039e-03, eta: 1:39:26, time: 0.852, data_time: 0.070, memory: 37088, decode.loss_seg: 0.4192, decode.acc_seg: 75.6197, loss: 0.4192
2021-11-11 15:48:48,975 - mmseg - INFO - Iter [5250/12000]	lr: 5.999e-03, eta: 1:38:42, time: 0.871, data_time: 0.086, memory: 37088, decode.loss_seg: 0.4077, decode.acc_seg: 76.0322, loss: 0.4077
2021-11-11 15:49:31,535 - mmseg - INFO - Iter [5300/12000]	lr: 5.960e-03, eta: 1:37:56, time: 0.851, data_time: 0.069, memory: 37088, decode.loss_seg: 0.4153, decode.acc_seg: 75.8703, loss: 0.4153
2021-11-11 15:50:14,969 - mmseg - INFO - Iter [5350/12000]	lr: 5.921e-03, eta: 1:37:12, time: 0.869, data_time: 0.088, memory: 37088, decode.loss_seg: 0.4149, decode.acc_seg: 75.8464, loss: 0.4149
2021-11-11 15:50:58,590 - mmseg - INFO - Iter [5400/12000]	lr: 5.881e-03, eta: 1:36:28, time: 0.872, data_time: 0.089, memory: 37088, decode.loss_seg: 0.4115, decode.acc_seg: 75.9058, loss: 0.4115
2021-11-11 15:51:41,175 - mmseg - INFO - Iter [5450/12000]	lr: 5.842e-03, eta: 1:35:42, time: 0.852, data_time: 0.074, memory: 37088, decode.loss_seg: 0.4124, decode.acc_seg: 75.9910, loss: 0.4124
2021-11-11 15:52:24,711 - mmseg - INFO - Iter [5500/12000]	lr: 5.802e-03, eta: 1:34:58, time: 0.871, data_time: 0.092, memory: 37088, decode.loss_seg: 0.4137, decode.acc_seg: 75.9978, loss: 0.4137
2021-11-11 15:53:07,297 - mmseg - INFO - Iter [5550/12000]	lr: 5.763e-03, eta: 1:34:13, time: 0.852, data_time: 0.068, memory: 37088, decode.loss_seg: 0.4135, decode.acc_seg: 75.6036, loss: 0.4135
2021-11-11 15:53:50,981 - mmseg - INFO - Iter [5600/12000]	lr: 5.723e-03, eta: 1:33:29, time: 0.874, data_time: 0.094, memory: 37088, decode.loss_seg: 0.4143, decode.acc_seg: 76.0209, loss: 0.4143
2021-11-11 15:54:33,566 - mmseg - INFO - Iter [5650/12000]	lr: 5.684e-03, eta: 1:32:44, time: 0.852, data_time: 0.073, memory: 37088, decode.loss_seg: 0.4170, decode.acc_seg: 75.6989, loss: 0.4170
2021-11-11 15:55:17,240 - mmseg - INFO - Iter [5700/12000]	lr: 5.644e-03, eta: 1:32:00, time: 0.873, data_time: 0.093, memory: 37088, decode.loss_seg: 0.4086, decode.acc_seg: 76.0167, loss: 0.4086
2021-11-11 15:55:59,857 - mmseg - INFO - Iter [5750/12000]	lr: 5.605e-03, eta: 1:31:14, time: 0.852, data_time: 0.071, memory: 37088, decode.loss_seg: 0.4063, decode.acc_seg: 76.0233, loss: 0.4063
2021-11-11 15:56:43,492 - mmseg - INFO - Iter [5800/12000]	lr: 5.565e-03, eta: 1:30:30, time: 0.873, data_time: 0.090, memory: 37088, decode.loss_seg: 0.4100, decode.acc_seg: 75.9735, loss: 0.4100
2021-11-11 15:57:26,064 - mmseg - INFO - Iter [5850/12000]	lr: 5.525e-03, eta: 1:29:45, time: 0.851, data_time: 0.071, memory: 37088, decode.loss_seg: 0.4182, decode.acc_seg: 75.7981, loss: 0.4182
2021-11-11 15:58:09,609 - mmseg - INFO - Iter [5900/12000]	lr: 5.486e-03, eta: 1:29:01, time: 0.871, data_time: 0.090, memory: 37088, decode.loss_seg: 0.4102, decode.acc_seg: 75.9371, loss: 0.4102
2021-11-11 15:58:54,721 - mmseg - INFO - Iter [5950/12000]	lr: 5.446e-03, eta: 1:28:19, time: 0.902, data_time: 0.086, memory: 37088, decode.loss_seg: 0.4094, decode.acc_seg: 76.0930, loss: 0.4094
2021-11-11 15:59:40,517 - mmseg - INFO - Exp name: fcn_linear_cityscapes_vissl_sc_exp31_ep2_max.py
2021-11-11 15:59:40,517 - mmseg - INFO - Iter [6000/12000]	lr: 5.406e-03, eta: 1:27:37, time: 0.916, data_time: 0.104, memory: 37088, decode.loss_seg: 0.4136, decode.acc_seg: 75.9709, loss: 0.4136
2021-11-11 16:00:09,132 - mmseg - INFO - per class results:
2021-11-11 16:00:09,133 - mmseg - INFO - 
+---------------+-------+-------+
|     Class     |  IoU  |  Acc  |
+---------------+-------+-------+
|      road     | 90.04 | 94.81 |
|    sidewalk   | 46.07 | 65.15 |
|    building   |  76.9 | 92.76 |
|      wall     |  7.45 |  8.09 |
|     fence     | 10.33 | 12.85 |
|      pole     |  0.29 |  0.29 |
| traffic light |  0.0  |  0.0  |
|  traffic sign |  0.14 |  0.14 |
|   vegetation  | 79.82 | 90.32 |
|    terrain    | 30.18 | 53.21 |
|      sky      | 81.63 | 87.44 |
|     person    | 25.93 | 39.23 |
|     rider     |  0.0  |  0.0  |
|      car      | 71.86 |  91.3 |
|     truck     |  0.04 |  0.04 |
|      bus      |  2.04 |  2.11 |
|     train     |  0.51 |  0.52 |
|   motorcycle  |  0.0  |  0.0  |
|    bicycle    |  14.5 | 15.46 |
+---------------+-------+-------+
2021-11-11 16:00:09,133 - mmseg - INFO - Summary:
2021-11-11 16:00:09,133 - mmseg - INFO - 
+-------+------+-------+
|  aAcc | mIoU |  mAcc |
+-------+------+-------+
| 85.32 | 28.3 | 34.41 |
+-------+------+-------+
2021-11-11 16:00:09,141 - mmseg - INFO - Exp name: fcn_linear_cityscapes_vissl_sc_exp31_ep2_max.py
2021-11-11 16:00:09,141 - mmseg - INFO - Iter(val) [63]	aAcc: 0.8532, mIoU: 0.2830, mAcc: 0.3441, IoU.road: 0.9004, IoU.sidewalk: 0.4607, IoU.building: 0.7690, IoU.wall: 0.0745, IoU.fence: 0.1033, IoU.pole: 0.0029, IoU.traffic light: 0.0000, IoU.traffic sign: 0.0014, IoU.vegetation: 0.7982, IoU.terrain: 0.3018, IoU.sky: 0.8163, IoU.person: 0.2593, IoU.rider: 0.0000, IoU.car: 0.7186, IoU.truck: 0.0004, IoU.bus: 0.0204, IoU.train: 0.0051, IoU.motorcycle: 0.0000, IoU.bicycle: 0.1450, Acc.road: 0.9481, Acc.sidewalk: 0.6515, Acc.building: 0.9276, Acc.wall: 0.0809, Acc.fence: 0.1285, Acc.pole: 0.0029, Acc.traffic light: 0.0000, Acc.traffic sign: 0.0014, Acc.vegetation: 0.9032, Acc.terrain: 0.5321, Acc.sky: 0.8744, Acc.person: 0.3923, Acc.rider: 0.0000, Acc.car: 0.9130, Acc.truck: 0.0004, Acc.bus: 0.0211, Acc.train: 0.0052, Acc.motorcycle: 0.0000, Acc.bicycle: 0.1546
2021-11-11 16:01:01,138 - mmseg - INFO - Iter [6050/12000]	lr: 5.366e-03, eta: 1:27:30, time: 1.612, data_time: 0.742, memory: 37088, decode.loss_seg: 0.4090, decode.acc_seg: 75.8864, loss: 0.4090
2021-11-11 16:01:44,426 - mmseg - INFO - Iter [6100/12000]	lr: 5.326e-03, eta: 1:26:45, time: 0.866, data_time: 0.086, memory: 37088, decode.loss_seg: 0.4095, decode.acc_seg: 76.0701, loss: 0.4095
2021-11-11 16:02:29,059 - mmseg - INFO - Iter [6150/12000]	lr: 5.287e-03, eta: 1:26:01, time: 0.893, data_time: 0.098, memory: 37088, decode.loss_seg: 0.4121, decode.acc_seg: 75.9808, loss: 0.4121
2021-11-11 16:03:12,473 - mmseg - INFO - Iter [6200/12000]	lr: 5.247e-03, eta: 1:25:16, time: 0.868, data_time: 0.076, memory: 37088, decode.loss_seg: 0.4091, decode.acc_seg: 75.9213, loss: 0.4091
2021-11-11 16:03:56,918 - mmseg - INFO - Iter [6250/12000]	lr: 5.207e-03, eta: 1:24:32, time: 0.889, data_time: 0.102, memory: 37088, decode.loss_seg: 0.4147, decode.acc_seg: 75.8265, loss: 0.4147
2021-11-11 16:04:40,252 - mmseg - INFO - Iter [6300/12000]	lr: 5.167e-03, eta: 1:23:48, time: 0.867, data_time: 0.082, memory: 37088, decode.loss_seg: 0.4102, decode.acc_seg: 75.9564, loss: 0.4102
2021-11-11 16:05:24,475 - mmseg - INFO - Iter [6350/12000]	lr: 5.127e-03, eta: 1:23:04, time: 0.884, data_time: 0.107, memory: 37088, decode.loss_seg: 0.4111, decode.acc_seg: 75.7521, loss: 0.4111
2021-11-11 16:10:09,263 - mmseg - INFO - Iter [6400/12000]	lr: 5.087e-03, eta: 1:25:50, time: 5.696, data_time: 0.594, memory: 37088, decode.loss_seg: 0.4091, decode.acc_seg: 76.1803, loss: 0.4091
2021-11-11 16:10:52,217 - mmseg - INFO - Iter [6450/12000]	lr: 5.047e-03, eta: 1:25:01, time: 0.859, data_time: 0.096, memory: 37088, decode.loss_seg: 0.4135, decode.acc_seg: 76.1388, loss: 0.4135
2021-11-11 16:11:36,073 - mmseg - INFO - Iter [6500/12000]	lr: 5.006e-03, eta: 1:24:14, time: 0.877, data_time: 0.096, memory: 37088, decode.loss_seg: 0.4098, decode.acc_seg: 75.8416, loss: 0.4098
2021-11-11 16:12:21,600 - mmseg - INFO - Iter [6550/12000]	lr: 4.966e-03, eta: 1:23:27, time: 0.910, data_time: 0.121, memory: 37088, decode.loss_seg: 0.4079, decode.acc_seg: 75.8645, loss: 0.4079
2021-11-11 16:13:04,949 - mmseg - INFO - Iter [6600/12000]	lr: 4.926e-03, eta: 1:22:39, time: 0.867, data_time: 0.078, memory: 37088, decode.loss_seg: 0.4115, decode.acc_seg: 76.0052, loss: 0.4115
2021-11-11 16:14:04,401 - mmseg - INFO - Iter [6650/12000]	lr: 4.886e-03, eta: 1:22:04, time: 1.189, data_time: 0.222, memory: 37088, decode.loss_seg: 0.4129, decode.acc_seg: 75.8403, loss: 0.4129
2021-11-11 16:14:53,534 - mmseg - INFO - Iter [6700/12000]	lr: 4.846e-03, eta: 1:21:21, time: 0.983, data_time: 0.124, memory: 37088, decode.loss_seg: 0.4087, decode.acc_seg: 76.1619, loss: 0.4087
2021-11-11 16:15:42,198 - mmseg - INFO - Iter [6750/12000]	lr: 4.805e-03, eta: 1:20:37, time: 0.973, data_time: 0.075, memory: 37088, decode.loss_seg: 0.4079, decode.acc_seg: 76.0474, loss: 0.4079
2021-11-11 16:16:30,445 - mmseg - INFO - Iter [6800/12000]	lr: 4.765e-03, eta: 1:19:52, time: 0.965, data_time: 0.175, memory: 37088, decode.loss_seg: 0.4133, decode.acc_seg: 75.7099, loss: 0.4133
2021-11-11 16:17:17,384 - mmseg - INFO - Iter [6850/12000]	lr: 4.725e-03, eta: 1:19:07, time: 0.939, data_time: 0.076, memory: 37088, decode.loss_seg: 0.4066, decode.acc_seg: 76.0407, loss: 0.4066
2021-11-11 16:18:04,499 - mmseg - INFO - Iter [6900/12000]	lr: 4.684e-03, eta: 1:18:22, time: 0.942, data_time: 0.152, memory: 37088, decode.loss_seg: 0.4123, decode.acc_seg: 76.0853, loss: 0.4123
2021-11-11 16:18:50,549 - mmseg - INFO - Iter [6950/12000]	lr: 4.644e-03, eta: 1:17:35, time: 0.921, data_time: 0.138, memory: 37088, decode.loss_seg: 0.4116, decode.acc_seg: 75.8912, loss: 0.4116
2021-11-11 16:19:41,068 - mmseg - INFO - Exp name: fcn_linear_cityscapes_vissl_sc_exp31_ep2_max.py
2021-11-11 16:19:41,068 - mmseg - INFO - Iter [7000/12000]	lr: 4.603e-03, eta: 1:16:52, time: 1.010, data_time: 0.165, memory: 37088, decode.loss_seg: 0.4001, decode.acc_seg: 76.2424, loss: 0.4001
2021-11-11 16:20:26,910 - mmseg - INFO - Iter [7050/12000]	lr: 4.563e-03, eta: 1:16:06, time: 0.917, data_time: 0.077, memory: 37088, decode.loss_seg: 0.4154, decode.acc_seg: 75.8217, loss: 0.4154
2021-11-11 16:21:17,192 - mmseg - INFO - Iter [7100/12000]	lr: 4.522e-03, eta: 1:15:23, time: 1.006, data_time: 0.247, memory: 37088, decode.loss_seg: 0.4055, decode.acc_seg: 75.9810, loss: 0.4055
2021-11-11 16:22:12,484 - mmseg - INFO - Iter [7150/12000]	lr: 4.481e-03, eta: 1:14:43, time: 1.106, data_time: 0.080, memory: 37088, decode.loss_seg: 0.4135, decode.acc_seg: 75.9765, loss: 0.4135
2021-11-11 16:23:06,518 - mmseg - INFO - Iter [7200/12000]	lr: 4.441e-03, eta: 1:14:02, time: 1.081, data_time: 0.117, memory: 37088, decode.loss_seg: 0.4062, decode.acc_seg: 76.0107, loss: 0.4062
2021-11-11 16:23:49,778 - mmseg - INFO - Iter [7250/12000]	lr: 4.400e-03, eta: 1:13:14, time: 0.865, data_time: 0.075, memory: 37088, decode.loss_seg: 0.4116, decode.acc_seg: 75.9782, loss: 0.4116
2021-11-11 16:26:25,392 - mmseg - INFO - Iter [7300/12000]	lr: 4.359e-03, eta: 1:13:38, time: 3.112, data_time: 1.105, memory: 37088, decode.loss_seg: 0.4064, decode.acc_seg: 75.9492, loss: 0.4064
2021-11-11 16:29:07,855 - mmseg - INFO - Iter [7350/12000]	lr: 4.319e-03, eta: 1:14:04, time: 3.249, data_time: 1.501, memory: 37088, decode.loss_seg: 0.4128, decode.acc_seg: 75.9527, loss: 0.4128
2021-11-11 16:31:09,767 - mmseg - INFO - Iter [7400/12000]	lr: 4.278e-03, eta: 1:14:02, time: 2.438, data_time: 1.414, memory: 37088, decode.loss_seg: 0.4111, decode.acc_seg: 75.9215, loss: 0.4111
2021-11-11 16:33:47,413 - mmseg - INFO - Iter [7450/12000]	lr: 4.237e-03, eta: 1:14:21, time: 3.153, data_time: 1.879, memory: 37088, decode.loss_seg: 0.4063, decode.acc_seg: 76.1923, loss: 0.4063
2021-11-11 16:35:04,284 - mmseg - INFO - Iter [7500/12000]	lr: 4.196e-03, eta: 1:13:48, time: 1.537, data_time: 0.544, memory: 37088, decode.loss_seg: 0.4099, decode.acc_seg: 76.0947, loss: 0.4099
2021-11-11 16:36:38,846 - mmseg - INFO - Iter [7550/12000]	lr: 4.155e-03, eta: 1:13:26, time: 1.891, data_time: 0.980, memory: 37088, decode.loss_seg: 0.4097, decode.acc_seg: 75.8207, loss: 0.4097
2021-11-11 16:37:35,444 - mmseg - INFO - Iter [7600/12000]	lr: 4.114e-03, eta: 1:12:40, time: 1.132, data_time: 0.315, memory: 37088, decode.loss_seg: 0.4048, decode.acc_seg: 76.2013, loss: 0.4048
2021-11-11 16:38:19,370 - mmseg - INFO - Iter [7650/12000]	lr: 4.073e-03, eta: 1:11:48, time: 0.878, data_time: 0.102, memory: 37088, decode.loss_seg: 0.4087, decode.acc_seg: 75.8651, loss: 0.4087
2021-11-11 16:39:02,586 - mmseg - INFO - Iter [7700/12000]	lr: 4.032e-03, eta: 1:10:55, time: 0.864, data_time: 0.079, memory: 37088, decode.loss_seg: 0.4143, decode.acc_seg: 75.9039, loss: 0.4143
2021-11-11 16:39:48,823 - mmseg - INFO - Iter [7750/12000]	lr: 3.991e-03, eta: 1:10:03, time: 0.925, data_time: 0.133, memory: 37088, decode.loss_seg: 0.4000, decode.acc_seg: 76.2308, loss: 0.4000
2021-11-11 16:40:32,082 - mmseg - INFO - Iter [7800/12000]	lr: 3.949e-03, eta: 1:09:11, time: 0.865, data_time: 0.084, memory: 37088, decode.loss_seg: 0.4107, decode.acc_seg: 76.0183, loss: 0.4107
2021-11-11 16:41:21,163 - mmseg - INFO - Iter [7850/12000]	lr: 3.908e-03, eta: 1:08:21, time: 0.982, data_time: 0.190, memory: 37088, decode.loss_seg: 0.4154, decode.acc_seg: 75.8739, loss: 0.4154
2021-11-11 16:42:04,283 - mmseg - INFO - Iter [7900/12000]	lr: 3.867e-03, eta: 1:07:28, time: 0.862, data_time: 0.079, memory: 37088, decode.loss_seg: 0.4057, decode.acc_seg: 76.0117, loss: 0.4057
2021-11-11 16:42:50,139 - mmseg - INFO - Iter [7950/12000]	lr: 3.825e-03, eta: 1:06:37, time: 0.917, data_time: 0.132, memory: 37088, decode.loss_seg: 0.4077, decode.acc_seg: 75.9488, loss: 0.4077
2021-11-11 16:43:45,267 - mmseg - INFO - Exp name: fcn_linear_cityscapes_vissl_sc_exp31_ep2_max.py
2021-11-11 16:43:45,267 - mmseg - INFO - Iter [8000/12000]	lr: 3.784e-03, eta: 1:05:51, time: 1.103, data_time: 0.181, memory: 37088, decode.loss_seg: 0.4081, decode.acc_seg: 76.0195, loss: 0.4081
2021-11-11 16:44:45,210 - mmseg - INFO - Iter [8050/12000]	lr: 3.743e-03, eta: 1:05:06, time: 1.199, data_time: 0.420, memory: 37088, decode.loss_seg: 0.4102, decode.acc_seg: 75.9091, loss: 0.4102
2021-11-11 16:45:54,977 - mmseg - INFO - Iter [8100/12000]	lr: 3.701e-03, eta: 1:04:27, time: 1.395, data_time: 0.366, memory: 37088, decode.loss_seg: 0.4057, decode.acc_seg: 76.0807, loss: 0.4057
2021-11-11 16:47:04,358 - mmseg - INFO - Iter [8150/12000]	lr: 3.659e-03, eta: 1:03:47, time: 1.388, data_time: 0.132, memory: 37088, decode.loss_seg: 0.4116, decode.acc_seg: 76.0280, loss: 0.4116
2021-11-11 16:48:04,043 - mmseg - INFO - Iter [8200/12000]	lr: 3.618e-03, eta: 1:03:01, time: 1.194, data_time: 0.371, memory: 37088, decode.loss_seg: 0.4022, decode.acc_seg: 76.1522, loss: 0.4022
2021-11-11 16:48:56,048 - mmseg - INFO - Iter [8250/12000]	lr: 3.576e-03, eta: 1:02:13, time: 1.040, data_time: 0.076, memory: 37088, decode.loss_seg: 0.4045, decode.acc_seg: 76.2195, loss: 0.4045
2021-11-11 16:49:48,021 - mmseg - INFO - Iter [8300/12000]	lr: 3.534e-03, eta: 1:01:24, time: 1.039, data_time: 0.224, memory: 37088, decode.loss_seg: 0.4129, decode.acc_seg: 75.7967, loss: 0.4129
2021-11-11 16:50:36,941 - mmseg - INFO - Iter [8350/12000]	lr: 3.493e-03, eta: 1:00:34, time: 0.978, data_time: 0.085, memory: 37088, decode.loss_seg: 0.4094, decode.acc_seg: 75.9613, loss: 0.4094
2021-11-11 16:51:43,616 - mmseg - INFO - Iter [8400/12000]	lr: 3.451e-03, eta: 0:59:51, time: 1.334, data_time: 0.238, memory: 37088, decode.loss_seg: 0.4053, decode.acc_seg: 75.9859, loss: 0.4053
2021-11-11 16:52:39,808 - mmseg - INFO - Iter [8450/12000]	lr: 3.409e-03, eta: 0:59:04, time: 1.124, data_time: 0.148, memory: 37088, decode.loss_seg: 0.4096, decode.acc_seg: 75.9209, loss: 0.4096
2021-11-11 16:53:34,642 - mmseg - INFO - Iter [8500/12000]	lr: 3.367e-03, eta: 0:58:16, time: 1.097, data_time: 0.155, memory: 37088, decode.loss_seg: 0.4033, decode.acc_seg: 76.2340, loss: 0.4033
2021-11-11 16:54:26,150 - mmseg - INFO - Iter [8550/12000]	lr: 3.325e-03, eta: 0:57:27, time: 1.030, data_time: 0.156, memory: 37088, decode.loss_seg: 0.4095, decode.acc_seg: 75.8960, loss: 0.4095
2021-11-11 16:55:25,408 - mmseg - INFO - Iter [8600/12000]	lr: 3.283e-03, eta: 0:56:40, time: 1.185, data_time: 0.346, memory: 37088, decode.loss_seg: 0.4031, decode.acc_seg: 76.2294, loss: 0.4031
2021-11-11 16:56:17,996 - mmseg - INFO - Iter [8650/12000]	lr: 3.241e-03, eta: 0:55:51, time: 1.052, data_time: 0.190, memory: 37088, decode.loss_seg: 0.4096, decode.acc_seg: 75.9700, loss: 0.4096
2021-11-11 16:57:23,649 - mmseg - INFO - Iter [8700/12000]	lr: 3.199e-03, eta: 0:55:07, time: 1.313, data_time: 0.246, memory: 37088, decode.loss_seg: 0.4026, decode.acc_seg: 76.0243, loss: 0.4026
2021-11-11 16:58:15,487 - mmseg - INFO - Iter [8750/12000]	lr: 3.156e-03, eta: 0:54:18, time: 1.037, data_time: 0.239, memory: 37088, decode.loss_seg: 0.4120, decode.acc_seg: 75.9152, loss: 0.4120
2021-11-11 16:59:58,809 - mmseg - INFO - Iter [8800/12000]	lr: 3.114e-03, eta: 0:53:47, time: 2.067, data_time: 0.321, memory: 37088, decode.loss_seg: 0.4057, decode.acc_seg: 76.1775, loss: 0.4057
2021-11-11 17:02:03,896 - mmseg - INFO - Iter [8850/12000]	lr: 3.071e-03, eta: 0:53:23, time: 2.502, data_time: 0.821, memory: 37088, decode.loss_seg: 0.4113, decode.acc_seg: 75.8132, loss: 0.4113
2021-11-11 17:02:50,853 - mmseg - INFO - Iter [8900/12000]	lr: 3.029e-03, eta: 0:52:31, time: 0.939, data_time: 0.090, memory: 37088, decode.loss_seg: 0.4050, decode.acc_seg: 76.4467, loss: 0.4050
2021-11-11 17:04:47,759 - mmseg - INFO - Iter [8950/12000]	lr: 2.986e-03, eta: 0:52:03, time: 2.338, data_time: 1.481, memory: 37088, decode.loss_seg: 0.4054, decode.acc_seg: 75.7213, loss: 0.4054
2021-11-11 17:05:30,950 - mmseg - INFO - Exp name: fcn_linear_cityscapes_vissl_sc_exp31_ep2_max.py
2021-11-11 17:05:30,950 - mmseg - INFO - Iter [9000/12000]	lr: 2.944e-03, eta: 0:51:09, time: 0.864, data_time: 0.081, memory: 37088, decode.loss_seg: 0.4039, decode.acc_seg: 76.2470, loss: 0.4039
2021-11-11 17:05:57,661 - mmseg - INFO - per class results:
2021-11-11 17:05:57,663 - mmseg - INFO - 
+---------------+-------+-------+
|     Class     |  IoU  |  Acc  |
+---------------+-------+-------+
|      road     | 90.09 | 95.58 |
|    sidewalk   | 44.16 | 59.89 |
|    building   | 76.95 | 92.77 |
|      wall     |  6.64 |  7.12 |
|     fence     | 10.56 | 12.72 |
|      pole     |  0.37 |  0.37 |
| traffic light |  0.01 |  0.01 |
|  traffic sign |  0.21 |  0.21 |
|   vegetation  | 79.74 | 90.87 |
|    terrain    | 30.35 | 51.26 |
|      sky      | 81.62 | 86.79 |
|     person    | 27.22 | 42.71 |
|     rider     |  0.0  |  0.0  |
|      car      | 72.84 | 90.42 |
|     truck     |  0.02 |  0.02 |
|      bus      |  2.25 |  2.3  |
|     train     |  0.66 |  0.68 |
|   motorcycle  |  0.0  |  0.0  |
|    bicycle    | 19.57 | 22.07 |
+---------------+-------+-------+
2021-11-11 17:05:57,663 - mmseg - INFO - Summary:
2021-11-11 17:05:57,663 - mmseg - INFO - 
+-------+-------+-------+
|  aAcc |  mIoU |  mAcc |
+-------+-------+-------+
| 85.41 | 28.59 | 34.52 |
+-------+-------+-------+
2021-11-11 17:05:57,670 - mmseg - INFO - Exp name: fcn_linear_cityscapes_vissl_sc_exp31_ep2_max.py
2021-11-11 17:05:57,670 - mmseg - INFO - Iter(val) [63]	aAcc: 0.8541, mIoU: 0.2859, mAcc: 0.3452, IoU.road: 0.9009, IoU.sidewalk: 0.4416, IoU.building: 0.7695, IoU.wall: 0.0664, IoU.fence: 0.1056, IoU.pole: 0.0037, IoU.traffic light: 0.0001, IoU.traffic sign: 0.0021, IoU.vegetation: 0.7974, IoU.terrain: 0.3035, IoU.sky: 0.8162, IoU.person: 0.2722, IoU.rider: 0.0000, IoU.car: 0.7284, IoU.truck: 0.0002, IoU.bus: 0.0225, IoU.train: 0.0066, IoU.motorcycle: 0.0000, IoU.bicycle: 0.1957, Acc.road: 0.9558, Acc.sidewalk: 0.5989, Acc.building: 0.9277, Acc.wall: 0.0712, Acc.fence: 0.1272, Acc.pole: 0.0037, Acc.traffic light: 0.0001, Acc.traffic sign: 0.0021, Acc.vegetation: 0.9087, Acc.terrain: 0.5126, Acc.sky: 0.8679, Acc.person: 0.4271, Acc.rider: 0.0000, Acc.car: 0.9042, Acc.truck: 0.0002, Acc.bus: 0.0230, Acc.train: 0.0068, Acc.motorcycle: 0.0000, Acc.bicycle: 0.2207
2021-11-11 17:06:41,319 - mmseg - INFO - Iter [9050/12000]	lr: 2.901e-03, eta: 0:50:24, time: 1.407, data_time: 0.632, memory: 37088, decode.loss_seg: 0.4092, decode.acc_seg: 75.7692, loss: 0.4092
2021-11-11 17:07:24,927 - mmseg - INFO - Iter [9100/12000]	lr: 2.858e-03, eta: 0:49:30, time: 0.872, data_time: 0.080, memory: 37088, decode.loss_seg: 0.4086, decode.acc_seg: 76.0923, loss: 0.4086
2021-11-11 17:08:09,562 - mmseg - INFO - Iter [9150/12000]	lr: 2.816e-03, eta: 0:48:37, time: 0.893, data_time: 0.101, memory: 37088, decode.loss_seg: 0.4018, decode.acc_seg: 76.2957, loss: 0.4018
2021-11-11 17:08:53,378 - mmseg - INFO - Iter [9200/12000]	lr: 2.773e-03, eta: 0:47:44, time: 0.876, data_time: 0.080, memory: 37088, decode.loss_seg: 0.4116, decode.acc_seg: 75.8038, loss: 0.4116
2021-11-11 17:09:38,100 - mmseg - INFO - Iter [9250/12000]	lr: 2.730e-03, eta: 0:46:51, time: 0.894, data_time: 0.097, memory: 37088, decode.loss_seg: 0.4003, decode.acc_seg: 76.1801, loss: 0.4003
2021-11-11 17:10:21,442 - mmseg - INFO - Iter [9300/12000]	lr: 2.687e-03, eta: 0:45:57, time: 0.867, data_time: 0.080, memory: 37088, decode.loss_seg: 0.4113, decode.acc_seg: 75.9597, loss: 0.4113
2021-11-11 17:11:05,430 - mmseg - INFO - Iter [9350/12000]	lr: 2.644e-03, eta: 0:45:04, time: 0.880, data_time: 0.107, memory: 37088, decode.loss_seg: 0.4050, decode.acc_seg: 75.8582, loss: 0.4050
2021-11-11 17:11:49,275 - mmseg - INFO - Iter [9400/12000]	lr: 2.600e-03, eta: 0:44:11, time: 0.877, data_time: 0.095, memory: 37088, decode.loss_seg: 0.4076, decode.acc_seg: 76.2885, loss: 0.4076
2021-11-11 17:12:31,921 - mmseg - INFO - Iter [9450/12000]	lr: 2.557e-03, eta: 0:43:18, time: 0.853, data_time: 0.074, memory: 37088, decode.loss_seg: 0.4072, decode.acc_seg: 76.1338, loss: 0.4072
2021-11-11 17:13:15,561 - mmseg - INFO - Iter [9500/12000]	lr: 2.514e-03, eta: 0:42:25, time: 0.873, data_time: 0.095, memory: 37088, decode.loss_seg: 0.4047, decode.acc_seg: 75.9184, loss: 0.4047
2021-11-11 17:13:58,336 - mmseg - INFO - Iter [9550/12000]	lr: 2.470e-03, eta: 0:41:32, time: 0.855, data_time: 0.077, memory: 37088, decode.loss_seg: 0.4065, decode.acc_seg: 76.0696, loss: 0.4065
2021-11-11 17:14:42,101 - mmseg - INFO - Iter [9600/12000]	lr: 2.427e-03, eta: 0:40:39, time: 0.875, data_time: 0.098, memory: 37088, decode.loss_seg: 0.4060, decode.acc_seg: 76.0403, loss: 0.4060
2021-11-11 17:15:24,853 - mmseg - INFO - Iter [9650/12000]	lr: 2.383e-03, eta: 0:39:47, time: 0.855, data_time: 0.078, memory: 37088, decode.loss_seg: 0.3996, decode.acc_seg: 76.3423, loss: 0.3996
2021-11-11 17:16:08,452 - mmseg - INFO - Iter [9700/12000]	lr: 2.339e-03, eta: 0:38:54, time: 0.872, data_time: 0.096, memory: 37088, decode.loss_seg: 0.4124, decode.acc_seg: 75.6431, loss: 0.4124
2021-11-11 17:16:51,131 - mmseg - INFO - Iter [9750/12000]	lr: 2.295e-03, eta: 0:38:01, time: 0.854, data_time: 0.077, memory: 37088, decode.loss_seg: 0.4059, decode.acc_seg: 76.1731, loss: 0.4059
2021-11-11 17:17:34,817 - mmseg - INFO - Iter [9800/12000]	lr: 2.251e-03, eta: 0:37:09, time: 0.874, data_time: 0.090, memory: 37088, decode.loss_seg: 0.4095, decode.acc_seg: 75.9642, loss: 0.4095
2021-11-11 17:18:17,631 - mmseg - INFO - Iter [9850/12000]	lr: 2.207e-03, eta: 0:36:17, time: 0.856, data_time: 0.076, memory: 37088, decode.loss_seg: 0.4032, decode.acc_seg: 76.1835, loss: 0.4032
2021-11-11 17:19:01,396 - mmseg - INFO - Iter [9900/12000]	lr: 2.163e-03, eta: 0:35:25, time: 0.875, data_time: 0.094, memory: 37088, decode.loss_seg: 0.4004, decode.acc_seg: 76.1826, loss: 0.4004
2021-11-11 17:19:44,134 - mmseg - INFO - Iter [9950/12000]	lr: 2.119e-03, eta: 0:34:32, time: 0.855, data_time: 0.074, memory: 37088, decode.loss_seg: 0.4094, decode.acc_seg: 76.0036, loss: 0.4094
2021-11-11 17:20:27,893 - mmseg - INFO - Exp name: fcn_linear_cityscapes_vissl_sc_exp31_ep2_max.py
2021-11-11 17:20:27,893 - mmseg - INFO - Iter [10000/12000]	lr: 2.075e-03, eta: 0:33:40, time: 0.875, data_time: 0.088, memory: 37088, decode.loss_seg: 0.4133, decode.acc_seg: 75.7662, loss: 0.4133
2021-11-11 17:21:11,589 - mmseg - INFO - Iter [10050/12000]	lr: 2.030e-03, eta: 0:32:49, time: 0.874, data_time: 0.091, memory: 37088, decode.loss_seg: 0.3981, decode.acc_seg: 76.3822, loss: 0.3981
2021-11-11 17:21:54,292 - mmseg - INFO - Iter [10100/12000]	lr: 1.986e-03, eta: 0:31:57, time: 0.854, data_time: 0.071, memory: 37088, decode.loss_seg: 0.4013, decode.acc_seg: 76.2330, loss: 0.4013
2021-11-11 17:22:38,105 - mmseg - INFO - Iter [10150/12000]	lr: 1.941e-03, eta: 0:31:05, time: 0.876, data_time: 0.089, memory: 37088, decode.loss_seg: 0.4092, decode.acc_seg: 75.9266, loss: 0.4092
2021-11-11 17:23:20,894 - mmseg - INFO - Iter [10200/12000]	lr: 1.896e-03, eta: 0:30:13, time: 0.856, data_time: 0.069, memory: 37088, decode.loss_seg: 0.4092, decode.acc_seg: 75.8937, loss: 0.4092
2021-11-11 17:24:04,599 - mmseg - INFO - Iter [10250/12000]	lr: 1.851e-03, eta: 0:29:22, time: 0.874, data_time: 0.092, memory: 37088, decode.loss_seg: 0.4050, decode.acc_seg: 76.0850, loss: 0.4050
2021-11-11 17:24:47,316 - mmseg - INFO - Iter [10300/12000]	lr: 1.806e-03, eta: 0:28:30, time: 0.854, data_time: 0.073, memory: 37088, decode.loss_seg: 0.4002, decode.acc_seg: 76.0675, loss: 0.4002
2021-11-11 17:25:30,971 - mmseg - INFO - Iter [10350/12000]	lr: 1.761e-03, eta: 0:27:39, time: 0.873, data_time: 0.091, memory: 37088, decode.loss_seg: 0.4062, decode.acc_seg: 76.2014, loss: 0.4062
2021-11-11 17:26:13,750 - mmseg - INFO - Iter [10400/12000]	lr: 1.716e-03, eta: 0:26:47, time: 0.856, data_time: 0.072, memory: 37088, decode.loss_seg: 0.4108, decode.acc_seg: 75.8597, loss: 0.4108
2021-11-11 17:26:57,462 - mmseg - INFO - Iter [10450/12000]	lr: 1.670e-03, eta: 0:25:56, time: 0.874, data_time: 0.094, memory: 37088, decode.loss_seg: 0.4038, decode.acc_seg: 75.9985, loss: 0.4038
2021-11-11 17:27:40,202 - mmseg - INFO - Iter [10500/12000]	lr: 1.624e-03, eta: 0:25:05, time: 0.855, data_time: 0.074, memory: 37088, decode.loss_seg: 0.4063, decode.acc_seg: 76.1830, loss: 0.4063
2021-11-11 17:28:23,852 - mmseg - INFO - Iter [10550/12000]	lr: 1.579e-03, eta: 0:24:14, time: 0.873, data_time: 0.093, memory: 37088, decode.loss_seg: 0.4052, decode.acc_seg: 76.1659, loss: 0.4052
2021-11-11 17:29:06,508 - mmseg - INFO - Iter [10600/12000]	lr: 1.533e-03, eta: 0:23:23, time: 0.853, data_time: 0.074, memory: 37088, decode.loss_seg: 0.4032, decode.acc_seg: 76.0975, loss: 0.4032
2021-11-11 17:29:50,151 - mmseg - INFO - Iter [10650/12000]	lr: 1.487e-03, eta: 0:22:32, time: 0.873, data_time: 0.091, memory: 37088, decode.loss_seg: 0.4078, decode.acc_seg: 75.9304, loss: 0.4078
2021-11-11 17:30:33,964 - mmseg - INFO - Iter [10700/12000]	lr: 1.440e-03, eta: 0:21:41, time: 0.876, data_time: 0.096, memory: 37088, decode.loss_seg: 0.4050, decode.acc_seg: 76.0836, loss: 0.4050
2021-11-11 17:31:16,673 - mmseg - INFO - Iter [10750/12000]	lr: 1.394e-03, eta: 0:20:50, time: 0.854, data_time: 0.073, memory: 37088, decode.loss_seg: 0.4067, decode.acc_seg: 75.9529, loss: 0.4067
2021-11-11 17:32:00,309 - mmseg - INFO - Iter [10800/12000]	lr: 1.347e-03, eta: 0:19:59, time: 0.873, data_time: 0.093, memory: 37088, decode.loss_seg: 0.4047, decode.acc_seg: 76.2241, loss: 0.4047
2021-11-11 17:32:42,939 - mmseg - INFO - Iter [10850/12000]	lr: 1.300e-03, eta: 0:19:08, time: 0.853, data_time: 0.072, memory: 37088, decode.loss_seg: 0.4029, decode.acc_seg: 76.0682, loss: 0.4029
2021-11-11 17:33:26,559 - mmseg - INFO - Iter [10900/12000]	lr: 1.253e-03, eta: 0:18:18, time: 0.872, data_time: 0.094, memory: 37088, decode.loss_seg: 0.4069, decode.acc_seg: 76.0094, loss: 0.4069
2021-11-11 17:34:09,283 - mmseg - INFO - Iter [10950/12000]	lr: 1.206e-03, eta: 0:17:27, time: 0.854, data_time: 0.074, memory: 37088, decode.loss_seg: 0.4040, decode.acc_seg: 76.0126, loss: 0.4040
2021-11-11 17:34:53,005 - mmseg - INFO - Exp name: fcn_linear_cityscapes_vissl_sc_exp31_ep2_max.py
2021-11-11 17:34:53,005 - mmseg - INFO - Iter [11000/12000]	lr: 1.159e-03, eta: 0:16:37, time: 0.874, data_time: 0.098, memory: 37088, decode.loss_seg: 0.4031, decode.acc_seg: 76.3808, loss: 0.4031
2021-11-11 17:35:35,783 - mmseg - INFO - Iter [11050/12000]	lr: 1.111e-03, eta: 0:15:46, time: 0.856, data_time: 0.074, memory: 37088, decode.loss_seg: 0.4051, decode.acc_seg: 76.0295, loss: 0.4051
2021-11-11 17:36:19,597 - mmseg - INFO - Iter [11100/12000]	lr: 1.063e-03, eta: 0:14:56, time: 0.876, data_time: 0.093, memory: 37088, decode.loss_seg: 0.4066, decode.acc_seg: 76.2937, loss: 0.4066
2021-11-11 17:37:02,246 - mmseg - INFO - Iter [11150/12000]	lr: 1.015e-03, eta: 0:14:06, time: 0.853, data_time: 0.072, memory: 37088, decode.loss_seg: 0.4010, decode.acc_seg: 76.0594, loss: 0.4010
2021-11-11 17:37:45,876 - mmseg - INFO - Iter [11200/12000]	lr: 9.662e-04, eta: 0:13:15, time: 0.873, data_time: 0.091, memory: 37088, decode.loss_seg: 0.4106, decode.acc_seg: 75.6955, loss: 0.4106
2021-11-11 17:38:28,583 - mmseg - INFO - Iter [11250/12000]	lr: 9.174e-04, eta: 0:12:25, time: 0.854, data_time: 0.072, memory: 37088, decode.loss_seg: 0.4016, decode.acc_seg: 76.2698, loss: 0.4016
2021-11-11 17:39:12,360 - mmseg - INFO - Iter [11300/12000]	lr: 8.683e-04, eta: 0:11:35, time: 0.876, data_time: 0.089, memory: 37088, decode.loss_seg: 0.4030, decode.acc_seg: 75.9270, loss: 0.4030
2021-11-11 17:39:56,097 - mmseg - INFO - Iter [11350/12000]	lr: 8.188e-04, eta: 0:10:45, time: 0.875, data_time: 0.086, memory: 37088, decode.loss_seg: 0.4085, decode.acc_seg: 76.1713, loss: 0.4085
2021-11-11 17:40:38,742 - mmseg - INFO - Iter [11400/12000]	lr: 7.689e-04, eta: 0:09:55, time: 0.853, data_time: 0.074, memory: 37088, decode.loss_seg: 0.4093, decode.acc_seg: 76.0748, loss: 0.4093
2021-11-11 17:41:22,334 - mmseg - INFO - Iter [11450/12000]	lr: 7.186e-04, eta: 0:09:05, time: 0.872, data_time: 0.094, memory: 37088, decode.loss_seg: 0.4026, decode.acc_seg: 75.9895, loss: 0.4026
2021-11-11 17:42:04,986 - mmseg - INFO - Iter [11500/12000]	lr: 6.678e-04, eta: 0:08:15, time: 0.853, data_time: 0.075, memory: 37088, decode.loss_seg: 0.3975, decode.acc_seg: 76.2907, loss: 0.3975
2021-11-11 17:42:48,604 - mmseg - INFO - Iter [11550/12000]	lr: 6.166e-04, eta: 0:07:25, time: 0.872, data_time: 0.093, memory: 37088, decode.loss_seg: 0.4079, decode.acc_seg: 76.0903, loss: 0.4079
2021-11-11 17:43:31,383 - mmseg - INFO - Iter [11600/12000]	lr: 5.647e-04, eta: 0:06:36, time: 0.856, data_time: 0.079, memory: 37088, decode.loss_seg: 0.4066, decode.acc_seg: 76.1834, loss: 0.4066
2021-11-11 17:44:15,131 - mmseg - INFO - Iter [11650/12000]	lr: 5.122e-04, eta: 0:05:46, time: 0.875, data_time: 0.087, memory: 37088, decode.loss_seg: 0.4078, decode.acc_seg: 75.8731, loss: 0.4078
2021-11-11 17:44:57,873 - mmseg - INFO - Iter [11700/12000]	lr: 4.590e-04, eta: 0:04:56, time: 0.855, data_time: 0.073, memory: 37088, decode.loss_seg: 0.3991, decode.acc_seg: 76.1570, loss: 0.3991
2021-11-11 17:45:41,508 - mmseg - INFO - Iter [11750/12000]	lr: 4.048e-04, eta: 0:04:07, time: 0.873, data_time: 0.094, memory: 37088, decode.loss_seg: 0.4057, decode.acc_seg: 76.0211, loss: 0.4057
2021-11-11 17:46:24,283 - mmseg - INFO - Iter [11800/12000]	lr: 3.496e-04, eta: 0:03:17, time: 0.855, data_time: 0.074, memory: 37088, decode.loss_seg: 0.4027, decode.acc_seg: 76.2426, loss: 0.4027
2021-11-11 17:47:08,116 - mmseg - INFO - Iter [11850/12000]	lr: 2.930e-04, eta: 0:02:28, time: 0.877, data_time: 0.096, memory: 37088, decode.loss_seg: 0.4131, decode.acc_seg: 75.9065, loss: 0.4131
2021-11-11 17:47:50,942 - mmseg - INFO - Iter [11900/12000]	lr: 2.344e-04, eta: 0:01:38, time: 0.856, data_time: 0.075, memory: 37088, decode.loss_seg: 0.3979, decode.acc_seg: 76.2840, loss: 0.3979
2021-11-11 17:48:34,663 - mmseg - INFO - Iter [11950/12000]	lr: 1.726e-04, eta: 0:00:49, time: 0.874, data_time: 0.090, memory: 37088, decode.loss_seg: 0.4008, decode.acc_seg: 76.0850, loss: 0.4008
2021-11-11 17:49:18,232 - mmseg - INFO - Saving checkpoint at 12000 iterations
2021-11-11 17:49:18,472 - mmseg - INFO - Exp name: fcn_linear_cityscapes_vissl_sc_exp31_ep2_max.py
2021-11-11 17:49:18,472 - mmseg - INFO - Iter [12000/12000]	lr: 1.021e-04, eta: 0:00:00, time: 0.881, data_time: 0.093, memory: 37088, decode.loss_seg: 0.4057, decode.acc_seg: 76.1330, loss: 0.4057
2021-11-11 17:49:46,027 - mmseg - INFO - per class results:
2021-11-11 17:49:46,029 - mmseg - INFO - 
+---------------+-------+-------+
|     Class     |  IoU  |  Acc  |
+---------------+-------+-------+
|      road     | 90.15 | 95.21 |
|    sidewalk   |  45.6 |  63.5 |
|    building   | 77.02 | 92.99 |
|      wall     |  6.99 |  7.52 |
|     fence     | 11.57 | 14.25 |
|      pole     |  0.44 |  0.45 |
| traffic light |  0.02 |  0.02 |
|  traffic sign |  0.28 |  0.28 |
|   vegetation  | 80.01 | 90.61 |
|    terrain    | 30.15 | 48.43 |
|      sky      | 82.03 | 87.85 |
|     person    |  27.3 |  42.1 |
|     rider     |  0.0  |  0.0  |
|      car      | 72.89 | 90.67 |
|     truck     |  0.02 |  0.02 |
|      bus      |  3.14 |  3.27 |
|     train     |  1.06 |  1.14 |
|   motorcycle  |  0.0  |  0.0  |
|    bicycle    | 19.18 | 21.41 |
+---------------+-------+-------+
2021-11-11 17:49:46,029 - mmseg - INFO - Summary:
2021-11-11 17:49:46,029 - mmseg - INFO - 
+-------+-------+-------+
|  aAcc |  mIoU |  mAcc |
+-------+-------+-------+
| 85.51 | 28.83 | 34.72 |
+-------+-------+-------+
2021-11-11 17:49:46,037 - mmseg - INFO - Exp name: fcn_linear_cityscapes_vissl_sc_exp31_ep2_max.py
2021-11-11 17:49:46,037 - mmseg - INFO - Iter(val) [63]	aAcc: 0.8551, mIoU: 0.2883, mAcc: 0.3472, IoU.road: 0.9015, IoU.sidewalk: 0.4560, IoU.building: 0.7702, IoU.wall: 0.0699, IoU.fence: 0.1157, IoU.pole: 0.0044, IoU.traffic light: 0.0002, IoU.traffic sign: 0.0028, IoU.vegetation: 0.8001, IoU.terrain: 0.3015, IoU.sky: 0.8203, IoU.person: 0.2730, IoU.rider: 0.0000, IoU.car: 0.7289, IoU.truck: 0.0002, IoU.bus: 0.0314, IoU.train: 0.0106, IoU.motorcycle: 0.0000, IoU.bicycle: 0.1918, Acc.road: 0.9521, Acc.sidewalk: 0.6350, Acc.building: 0.9299, Acc.wall: 0.0752, Acc.fence: 0.1425, Acc.pole: 0.0045, Acc.traffic light: 0.0002, Acc.traffic sign: 0.0028, Acc.vegetation: 0.9061, Acc.terrain: 0.4843, Acc.sky: 0.8785, Acc.person: 0.4210, Acc.rider: 0.0000, Acc.car: 0.9067, Acc.truck: 0.0002, Acc.bus: 0.0327, Acc.train: 0.0114, Acc.motorcycle: 0.0000, Acc.bicycle: 0.2141
